// Trace collected Mon Feb 03 09:51:41 EST 2020
EDB {
packet_in_l3(2, 3, xb4bc7fe, i0_0_0_0, i255_255_255_255),
auth(i10_0_0_4)
}
IDB {
new_table(2,i0_0_0_0,3)
}
// [Collection time(s)] 0.014306

EDB {
packet_in_l3(2, 1, x39feada4, i10_0_0_1, i10_0_0_4),
auth(i10_0_0_4),
table(2,i0_0_0_0,3)
}
IDB {
new_table(2,i10_0_0_1,1)
}
// [Collection time(s)] 0.611147

EDB {
packet_in_l3(2, 1, x8ab4ba86, i10_0_0_1, i10_0_0_4),
auth(i10_0_0_4),
table(2,i10_0_0_1,1),
table(2,i0_0_0_0,3)
}
IDB {
}
// [Collection time(s)] 0.614254

EDB {
packet_in_l3(1, 1, x39feada4, i10_0_0_1, i10_0_0_4),
auth(i10_0_0_4),
table(2,i10_0_0_1,1),
table(2,i0_0_0_0,3)
}
IDB {
new_table(1,i10_0_0_1,1)
}
// [Collection time(s)] 0.618356

EDB {
packet_in_l3(1, 1, x8ab4ba86, i10_0_0_1, i10_0_0_4),
auth(i10_0_0_4),
table(2,i10_0_0_1,1),
table(2,i0_0_0_0,3),
table(1,i10_0_0_1,1)
}
IDB {
}
// [Collection time(s)] 0.620747

EDB {
packet_in_l3(2, 1, xc3c0b7c4, i10_0_0_1, i10_0_0_4),
auth(i10_0_0_4),
table(2,i10_0_0_1,1),
table(2,i0_0_0_0,3),
table(1,i10_0_0_1,1)
}
IDB {
}
// [Collection time(s)] 0.626951

EDB {
packet_in_l3(1, 1, xc3c0b7c4, i10_0_0_1, i10_0_0_4),
auth(i10_0_0_4),
table(2,i10_0_0_1,1),
table(2,i0_0_0_0,3),
table(1,i10_0_0_1,1)
}
IDB {
}
// [Collection time(s)] 0.629624

EDB {
packet_in_l3(3, 3, x39feade2, i10_0_0_1, i10_0_0_4),
auth(i10_0_0_4),
table(2,i10_0_0_1,1),
table(2,i0_0_0_0,3),
table(1,i10_0_0_1,1)
}
IDB {
new_table(3,i10_0_0_1,3)
}
// [Collection time(s)] 0.632629

EDB {
packet_in_l3(3, 3, x8ab4bac4, i10_0_0_1, i10_0_0_4),
auth(i10_0_0_4),
table(2,i10_0_0_1,1),
table(2,i0_0_0_0,3),
table(1,i10_0_0_1,1),
table(3,i10_0_0_1,3)
}
IDB {
}
// [Collection time(s)] 0.636557

EDB {
packet_in_l3(3, 3, xc3c0b802, i10_0_0_1, i10_0_0_4),
auth(i10_0_0_4),
table(2,i10_0_0_1,1),
table(2,i0_0_0_0,3),
table(1,i10_0_0_1,1),
table(3,i10_0_0_1,3)
}
IDB {
}
// [Collection time(s)] 0.639243

EDB {
packet_in_l3(3, 2, x34d2bbe5, i10_0_0_4, i10_0_0_1),
auth(i10_0_0_4),
table(2,i10_0_0_1,1),
table(2,i0_0_0_0,3),
table(1,i10_0_0_1,1),
table(3,i10_0_0_1,3)
}
IDB {
flow_mod_l3(3, i10_0_0_4, i10_0_0_1, 3),
packet_out(3, x34d2bbe5, 3),
new_auth(i10_0_0_1),
new_table(3,i10_0_0_4,2)
}
// [Collection time(s)] 0.769664

EDB {
packet_in_l3(3, 2, xccbcb283, i10_0_0_4, i10_0_0_1),
auth(i10_0_0_1),
auth(i10_0_0_4),
table(2,i10_0_0_1,1),
table(3,i10_0_0_4,2),
table(2,i0_0_0_0,3),
table(1,i10_0_0_1,1),
table(3,i10_0_0_1,3)
}
IDB {
flow_mod_l3(3, i10_0_0_4, i10_0_0_1, 3),
packet_out(3, xccbcb283, 3)
}
// [Collection time(s)] 0.776821

EDB {
packet_in_l3(3, 2, xd3dd2624, i10_0_0_4, i10_0_0_1),
auth(i10_0_0_1),
auth(i10_0_0_4),
table(2,i10_0_0_1,1),
table(3,i10_0_0_4,2),
table(2,i0_0_0_0,3),
table(1,i10_0_0_1,1),
table(3,i10_0_0_1,3)
}
IDB {
flow_mod_l3(3, i10_0_0_4, i10_0_0_1, 3),
packet_out(3, xd3dd2624, 3)
}
// [Collection time(s)] 0.782444

EDB {
packet_in_l3(1, 1, x5846f3, i0_0_0_0, i255_255_255_255),
auth(i10_0_0_1),
auth(i10_0_0_4),
table(2,i10_0_0_1,1),
table(3,i10_0_0_4,2),
table(2,i0_0_0_0,3),
table(1,i10_0_0_1,1),
table(3,i10_0_0_1,3)
}
IDB {
new_table(1,i0_0_0_0,1)
}
// [Collection time(s)] 0.786038

EDB {
packet_in_l3(1, 2, x34d2bbe5, i10_0_0_4, i10_0_0_1),
auth(i10_0_0_1),
auth(i10_0_0_4),
table(2,i10_0_0_1,1),
table(1,i0_0_0_0,1),
table(3,i10_0_0_4,2),
table(2,i0_0_0_0,3),
table(1,i10_0_0_1,1),
table(3,i10_0_0_1,3)
}
IDB {
flow_mod_l3(1, i10_0_0_4, i10_0_0_1, 1),
packet_out(1, x34d2bbe5, 1),
new_table(1,i10_0_0_4,2)
}
// [Collection time(s)] 0.792746

EDB {
packet_in_l3(1, 2, xccbcb283, i10_0_0_4, i10_0_0_1),
auth(i10_0_0_1),
auth(i10_0_0_4),
table(2,i10_0_0_1,1),
table(1,i0_0_0_0,1),
table(3,i10_0_0_4,2),
table(1,i10_0_0_4,2),
table(2,i0_0_0_0,3),
table(1,i10_0_0_1,1),
table(3,i10_0_0_1,3)
}
IDB {
flow_mod_l3(1, i10_0_0_4, i10_0_0_1, 1),
packet_out(1, xccbcb283, 1)
}
// [Collection time(s)] 0.804695

EDB {
packet_in_l3(1, 2, xd3dd2624, i10_0_0_4, i10_0_0_1),
auth(i10_0_0_1),
auth(i10_0_0_4),
table(2,i10_0_0_1,1),
table(1,i0_0_0_0,1),
table(3,i10_0_0_4,2),
table(1,i10_0_0_4,2),
table(2,i0_0_0_0,3),
table(1,i10_0_0_1,1),
table(3,i10_0_0_1,3)
}
IDB {
flow_mod_l3(1, i10_0_0_4, i10_0_0_1, 1),
packet_out(1, xd3dd2624, 1)
}
// [Collection time(s)] 0.811389

EDB {
packet_in_l3(2, 3, x34d2bc04, i10_0_0_4, i10_0_0_1),
auth(i10_0_0_1),
auth(i10_0_0_4),
table(2,i10_0_0_1,1),
table(1,i0_0_0_0,1),
table(3,i10_0_0_4,2),
table(1,i10_0_0_4,2),
table(2,i0_0_0_0,3),
table(1,i10_0_0_1,1),
table(3,i10_0_0_1,3)
}
IDB {
flow_mod_l3(2, i10_0_0_4, i10_0_0_1, 1),
packet_out(2, x34d2bc04, 1),
new_table(2,i10_0_0_4,3)
}
// [Collection time(s)] 0.819737

EDB {
packet_in_l3(2, 3, xccbcb2a2, i10_0_0_4, i10_0_0_1),
auth(i10_0_0_1),
auth(i10_0_0_4),
table(2,i10_0_0_1,1),
table(2,i10_0_0_4,3),
table(1,i0_0_0_0,1),
table(3,i10_0_0_4,2),
table(1,i10_0_0_4,2),
table(2,i0_0_0_0,3),
table(1,i10_0_0_1,1),
table(3,i10_0_0_1,3)
}
IDB {
flow_mod_l3(2, i10_0_0_4, i10_0_0_1, 1),
packet_out(2, xccbcb2a2, 1)
}
// [Collection time(s)] 0.826332

EDB {
packet_in_l3(2, 3, xd3dd2643, i10_0_0_4, i10_0_0_1),
auth(i10_0_0_1),
auth(i10_0_0_4),
table(2,i10_0_0_1,1),
table(2,i10_0_0_4,3),
table(1,i0_0_0_0,1),
table(3,i10_0_0_4,2),
table(1,i10_0_0_4,2),
table(2,i0_0_0_0,3),
table(1,i10_0_0_1,1),
table(3,i10_0_0_1,3)
}
IDB {
flow_mod_l3(2, i10_0_0_4, i10_0_0_1, 1),
packet_out(2, xd3dd2643, 1)
}
// [Collection time(s)] 0.832623

EDB {
packet_in_l3(2, 1, x71b10107, i10_0_0_1, i10_0_0_4),
auth(i10_0_0_1),
auth(i10_0_0_4),
table(2,i10_0_0_1,1),
table(2,i10_0_0_4,3),
table(1,i0_0_0_0,1),
table(3,i10_0_0_4,2),
table(1,i10_0_0_4,2),
table(2,i0_0_0_0,3),
table(1,i10_0_0_1,1),
table(3,i10_0_0_1,3)
}
IDB {
flow_mod_l3(2, i10_0_0_1, i10_0_0_4, 3),
packet_out(2, x71b10107, 3)
}
// [Collection time(s)] 1.619982

EDB {
packet_in_l3(1, 1, x71b10107, i10_0_0_1, i10_0_0_4),
auth(i10_0_0_1),
auth(i10_0_0_4),
table(2,i10_0_0_1,1),
table(2,i10_0_0_4,3),
table(1,i0_0_0_0,1),
table(3,i10_0_0_4,2),
table(1,i10_0_0_4,2),
table(2,i0_0_0_0,3),
table(1,i10_0_0_1,1),
table(3,i10_0_0_1,3)
}
IDB {
flow_mod_l3(1, i10_0_0_1, i10_0_0_4, 2),
packet_out(1, x71b10107, 2)
}
// [Collection time(s)] 1.627637

EDB {
packet_in_l3(3, 3, x71b10145, i10_0_0_1, i10_0_0_4),
auth(i10_0_0_1),
auth(i10_0_0_4),
table(2,i10_0_0_1,1),
table(2,i10_0_0_4,3),
table(1,i0_0_0_0,1),
table(3,i10_0_0_4,2),
table(1,i10_0_0_4,2),
table(2,i0_0_0_0,3),
table(1,i10_0_0_1,1),
table(3,i10_0_0_1,3)
}
IDB {
flow_mod_l3(3, i10_0_0_1, i10_0_0_4, 2),
packet_out(3, x71b10145, 2)
}
// [Collection time(s)] 1.634057

EDB {
packet_in_l3(1, 2, xfa0bcd81, i0_0_0_0, i255_255_255_255),
auth(i10_0_0_1),
auth(i10_0_0_4),
table(2,i10_0_0_1,1),
table(2,i10_0_0_4,3),
table(1,i0_0_0_0,1),
table(3,i10_0_0_4,2),
table(1,i10_0_0_4,2),
table(2,i0_0_0_0,3),
table(1,i10_0_0_1,1),
table(3,i10_0_0_1,3)
}
IDB {
new_table(1,i0_0_0_0,2)
}
// [Collection time(s)] 1.642226

EDB {
packet_in_l3(3, 3, xcd484206, i0_0_0_0, i255_255_255_255),
auth(i10_0_0_1),
auth(i10_0_0_4),
table(2,i10_0_0_1,1),
table(2,i10_0_0_4,3),
table(1,i0_0_0_0,2),
table(3,i10_0_0_4,2),
table(1,i10_0_0_4,2),
table(2,i0_0_0_0,3),
table(1,i10_0_0_1,1),
table(3,i10_0_0_1,3)
}
IDB {
new_table(3,i0_0_0_0,3)
}
// [Collection time(s)] 1.665968

EDB {
packet_in_l3(2, 2, x1b945fd3, i10_0_0_2, i10_0_0_4),
auth(i10_0_0_1),
auth(i10_0_0_4),
table(3,i0_0_0_0,3),
table(2,i10_0_0_1,1),
table(2,i10_0_0_4,3),
table(1,i0_0_0_0,2),
table(3,i10_0_0_4,2),
table(1,i10_0_0_4,2),
table(2,i0_0_0_0,3),
table(1,i10_0_0_1,1),
table(3,i10_0_0_1,3)
}
IDB {
new_table(2,i10_0_0_2,2)
}
// [Collection time(s)] 2.647858

EDB {
packet_in_l3(1, 1, x1b945fb4, i10_0_0_2, i10_0_0_4),
auth(i10_0_0_1),
auth(i10_0_0_4),
table(3,i0_0_0_0,3),
table(2,i10_0_0_1,1),
table(2,i10_0_0_2,2),
table(2,i10_0_0_4,3),
table(1,i0_0_0_0,2),
table(3,i10_0_0_4,2),
table(1,i10_0_0_4,2),
table(2,i0_0_0_0,3),
table(1,i10_0_0_1,1),
table(3,i10_0_0_1,3)
}
IDB {
new_table(1,i10_0_0_2,1)
}
// [Collection time(s)] 2.658644

EDB {
packet_in_l3(3, 3, x1b945ff2, i10_0_0_2, i10_0_0_4),
auth(i10_0_0_1),
auth(i10_0_0_4),
table(3,i0_0_0_0,3),
table(2,i10_0_0_1,1),
table(2,i10_0_0_2,2),
table(2,i10_0_0_4,3),
table(1,i0_0_0_0,2),
table(3,i10_0_0_4,2),
table(1,i10_0_0_4,2),
table(2,i0_0_0_0,3),
table(1,i10_0_0_2,1),
table(1,i10_0_0_1,1),
table(3,i10_0_0_1,3)
}
IDB {
new_table(3,i10_0_0_2,3)
}
// [Collection time(s)] 2.670038

EDB {
packet_in_l3(3, 2, x449f5833, i10_0_0_4, i10_0_0_2),
auth(i10_0_0_1),
auth(i10_0_0_4),
table(3,i0_0_0_0,3),
table(2,i10_0_0_1,1),
table(2,i10_0_0_2,2),
table(2,i10_0_0_4,3),
table(1,i0_0_0_0,2),
table(3,i10_0_0_4,2),
table(1,i10_0_0_4,2),
table(2,i0_0_0_0,3),
table(1,i10_0_0_2,1),
table(1,i10_0_0_1,1),
table(3,i10_0_0_1,3),
table(3,i10_0_0_2,3)
}
IDB {
flow_mod_l3(3, i10_0_0_4, i10_0_0_2, 3),
packet_out(3, x449f5833, 3),
new_auth(i10_0_0_2)
}
// [Collection time(s)] 2.684749

EDB {
packet_in_l3(1, 2, x449f5833, i10_0_0_4, i10_0_0_2),
auth(i10_0_0_2),
auth(i10_0_0_1),
auth(i10_0_0_4),
table(3,i0_0_0_0,3),
table(2,i10_0_0_1,1),
table(2,i10_0_0_2,2),
table(2,i10_0_0_4,3),
table(1,i0_0_0_0,2),
table(3,i10_0_0_4,2),
table(1,i10_0_0_4,2),
table(2,i0_0_0_0,3),
table(1,i10_0_0_2,1),
table(1,i10_0_0_1,1),
table(3,i10_0_0_1,3),
table(3,i10_0_0_2,3)
}
IDB {
flow_mod_l3(1, i10_0_0_4, i10_0_0_2, 1),
packet_out(1, x449f5833, 1)
}
// [Collection time(s)] 2.694076

EDB {
packet_in_l3(2, 3, x449f5852, i10_0_0_4, i10_0_0_2),
auth(i10_0_0_2),
auth(i10_0_0_1),
auth(i10_0_0_4),
table(3,i0_0_0_0,3),
table(2,i10_0_0_1,1),
table(2,i10_0_0_2,2),
table(2,i10_0_0_4,3),
table(1,i0_0_0_0,2),
table(3,i10_0_0_4,2),
table(1,i10_0_0_4,2),
table(2,i0_0_0_0,3),
table(1,i10_0_0_2,1),
table(1,i10_0_0_1,1),
table(3,i10_0_0_1,3),
table(3,i10_0_0_2,3)
}
IDB {
flow_mod_l3(2, i10_0_0_4, i10_0_0_2, 2),
packet_out(2, x449f5852, 2)
}
// [Collection time(s)] 2.713692

EDB {
packet_in_l3(2, 2, x203753d2, i10_0_0_2, i10_0_0_4),
auth(i10_0_0_2),
auth(i10_0_0_1),
auth(i10_0_0_4),
table(3,i0_0_0_0,3),
table(2,i10_0_0_1,1),
table(2,i10_0_0_2,2),
table(2,i10_0_0_4,3),
table(1,i0_0_0_0,2),
table(3,i10_0_0_4,2),
table(1,i10_0_0_4,2),
table(2,i0_0_0_0,3),
table(1,i10_0_0_2,1),
table(1,i10_0_0_1,1),
table(3,i10_0_0_1,3),
table(3,i10_0_0_2,3)
}
IDB {
flow_mod_l3(2, i10_0_0_2, i10_0_0_4, 3),
packet_out(2, x203753d2, 3)
}
// [Collection time(s)] 3.643984

EDB {
packet_in_l3(1, 1, x203753b3, i10_0_0_2, i10_0_0_4),
auth(i10_0_0_2),
auth(i10_0_0_1),
auth(i10_0_0_4),
table(3,i0_0_0_0,3),
table(2,i10_0_0_1,1),
table(2,i10_0_0_2,2),
table(2,i10_0_0_4,3),
table(1,i0_0_0_0,2),
table(3,i10_0_0_4,2),
table(1,i10_0_0_4,2),
table(2,i0_0_0_0,3),
table(1,i10_0_0_2,1),
table(1,i10_0_0_1,1),
table(3,i10_0_0_1,3),
table(3,i10_0_0_2,3)
}
IDB {
flow_mod_l3(1, i10_0_0_2, i10_0_0_4, 2),
packet_out(1, x203753b3, 2)
}
// [Collection time(s)] 3.650752

EDB {
packet_in_l3(3, 3, x203753f1, i10_0_0_2, i10_0_0_4),
auth(i10_0_0_2),
auth(i10_0_0_1),
auth(i10_0_0_4),
table(3,i0_0_0_0,3),
table(2,i10_0_0_1,1),
table(2,i10_0_0_2,2),
table(2,i10_0_0_4,3),
table(1,i0_0_0_0,2),
table(3,i10_0_0_4,2),
table(1,i10_0_0_4,2),
table(2,i0_0_0_0,3),
table(1,i10_0_0_2,1),
table(1,i10_0_0_1,1),
table(3,i10_0_0_1,3),
table(3,i10_0_0_2,3)
}
IDB {
flow_mod_l3(3, i10_0_0_2, i10_0_0_4, 2),
packet_out(3, x203753f1, 2)
}
// [Collection time(s)] 3.662961

EDB {
packet_in_l3(1, 1, xc8983bf3, i0_0_0_0, i255_255_255_255),
auth(i10_0_0_2),
auth(i10_0_0_1),
auth(i10_0_0_4),
table(3,i0_0_0_0,3),
table(2,i10_0_0_1,1),
table(2,i10_0_0_2,2),
table(2,i10_0_0_4,3),
table(1,i0_0_0_0,2),
table(3,i10_0_0_4,2),
table(1,i10_0_0_4,2),
table(2,i0_0_0_0,3),
table(1,i10_0_0_2,1),
table(1,i10_0_0_1,1),
table(3,i10_0_0_1,3),
table(3,i10_0_0_2,3)
}
IDB {
new_table(1,i0_0_0_0,1)
}
// [Collection time(s)] 3.924398

EDB {
packet_in_l3(1, 2, x503bc541, i0_0_0_0, i255_255_255_255),
auth(i10_0_0_2),
auth(i10_0_0_1),
auth(i10_0_0_4),
table(3,i0_0_0_0,3),
table(2,i10_0_0_1,1),
table(2,i10_0_0_2,2),
table(2,i10_0_0_4,3),
table(1,i0_0_0_0,1),
table(3,i10_0_0_4,2),
table(1,i10_0_0_4,2),
table(2,i0_0_0_0,3),
table(1,i10_0_0_2,1),
table(1,i10_0_0_1,1),
table(3,i10_0_0_1,3),
table(3,i10_0_0_2,3)
}
IDB {
new_table(1,i0_0_0_0,2)
}
// [Collection time(s)] 4.121906

EDB {
packet_in_l3(3, 3, x237839c6, i0_0_0_0, i255_255_255_255),
auth(i10_0_0_2),
auth(i10_0_0_1),
auth(i10_0_0_4),
table(3,i0_0_0_0,3),
table(2,i10_0_0_1,1),
table(2,i10_0_0_2,2),
table(2,i10_0_0_4,3),
table(1,i0_0_0_0,2),
table(3,i10_0_0_4,2),
table(1,i10_0_0_4,2),
table(2,i0_0_0_0,3),
table(1,i10_0_0_2,1),
table(1,i10_0_0_1,1),
table(3,i10_0_0_1,3),
table(3,i10_0_0_2,3)
}
IDB {
}
// [Collection time(s)] 4.899382

EDB {
packet_in_l3(2, 3, x459bba3e, i0_0_0_0, i255_255_255_255),
auth(i10_0_0_2),
auth(i10_0_0_1),
auth(i10_0_0_4),
table(3,i0_0_0_0,3),
table(2,i10_0_0_1,1),
table(2,i10_0_0_2,2),
table(2,i10_0_0_4,3),
table(1,i0_0_0_0,2),
table(3,i10_0_0_4,2),
table(1,i10_0_0_4,2),
table(2,i0_0_0_0,3),
table(1,i10_0_0_2,1),
table(1,i10_0_0_1,1),
table(3,i10_0_0_1,3),
table(3,i10_0_0_2,3)
}
IDB {
}
// [Collection time(s)] 5.163621

EDB {
packet_in_l3(2, 1, xc7553ae4, i10_0_0_1, i10_0_0_2),
auth(i10_0_0_2),
auth(i10_0_0_1),
auth(i10_0_0_4),
table(3,i0_0_0_0,3),
table(2,i10_0_0_1,1),
table(2,i10_0_0_2,2),
table(2,i10_0_0_4,3),
table(1,i0_0_0_0,2),
table(3,i10_0_0_4,2),
table(1,i10_0_0_4,2),
table(2,i0_0_0_0,3),
table(1,i10_0_0_2,1),
table(1,i10_0_0_1,1),
table(3,i10_0_0_1,3),
table(3,i10_0_0_2,3)
}
IDB {
flow_mod_l3(2, i10_0_0_1, i10_0_0_2, 2),
packet_out(2, xc7553ae4, 2)
}
// [Collection time(s)] 6.668844

EDB {
packet_in_l3(2, 2, x17e4e8e5, i10_0_0_2, i10_0_0_1),
auth(i10_0_0_2),
auth(i10_0_0_1),
auth(i10_0_0_4),
table(3,i0_0_0_0,3),
table(2,i10_0_0_1,1),
table(2,i10_0_0_2,2),
table(2,i10_0_0_4,3),
table(1,i0_0_0_0,2),
table(3,i10_0_0_4,2),
table(1,i10_0_0_4,2),
table(2,i0_0_0_0,3),
table(1,i10_0_0_2,1),
table(1,i10_0_0_1,1),
table(3,i10_0_0_1,3),
table(3,i10_0_0_2,3)
}
IDB {
flow_mod_l3(2, i10_0_0_2, i10_0_0_1, 1),
packet_out(2, x17e4e8e5, 1)
}
// [Collection time(s)] 6.675656

EDB {
packet_in_l3(1, 2, x8a8bb781, i0_0_0_0, i255_255_255_255),
auth(i10_0_0_2),
auth(i10_0_0_1),
auth(i10_0_0_4),
table(3,i0_0_0_0,3),
table(2,i10_0_0_1,1),
table(2,i10_0_0_2,2),
table(2,i10_0_0_4,3),
table(1,i0_0_0_0,2),
table(3,i10_0_0_4,2),
table(1,i10_0_0_4,2),
table(2,i0_0_0_0,3),
table(1,i10_0_0_2,1),
table(1,i10_0_0_1,1),
table(3,i10_0_0_1,3),
table(3,i10_0_0_2,3)
}
IDB {
}
// [Collection time(s)] 8.936540

EDB {
packet_in_l3(1, 1, x74f82b73, i0_0_0_0, i255_255_255_255),
auth(i10_0_0_2),
auth(i10_0_0_1),
auth(i10_0_0_4),
table(3,i0_0_0_0,3),
table(2,i10_0_0_1,1),
table(2,i10_0_0_2,2),
table(2,i10_0_0_4,3),
table(1,i0_0_0_0,2),
table(3,i10_0_0_4,2),
table(1,i10_0_0_4,2),
table(2,i0_0_0_0,3),
table(1,i10_0_0_2,1),
table(1,i10_0_0_1,1),
table(3,i10_0_0_1,3),
table(3,i10_0_0_2,3)
}
IDB {
new_table(1,i0_0_0_0,1)
}
// [Collection time(s)] 10.050447

EDB {
packet_in_l3(2, 1, x3b908ac2, i10_0_0_1, i10_0_0_3),
auth(i10_0_0_2),
auth(i10_0_0_1),
auth(i10_0_0_4),
table(3,i0_0_0_0,3),
table(2,i10_0_0_1,1),
table(2,i10_0_0_2,2),
table(2,i10_0_0_4,3),
table(1,i0_0_0_0,1),
table(3,i10_0_0_4,2),
table(1,i10_0_0_4,2),
table(2,i0_0_0_0,3),
table(1,i10_0_0_2,1),
table(1,i10_0_0_1,1),
table(3,i10_0_0_1,3),
table(3,i10_0_0_2,3)
}
IDB {
}
// [Collection time(s)] 10.678122

EDB {
packet_in_l3(2, 3, xf1fba9be, i0_0_0_0, i255_255_255_255),
auth(i10_0_0_2),
auth(i10_0_0_1),
auth(i10_0_0_4),
table(3,i0_0_0_0,3),
table(2,i10_0_0_1,1),
table(2,i10_0_0_2,2),
table(2,i10_0_0_4,3),
table(1,i0_0_0_0,1),
table(3,i10_0_0_4,2),
table(1,i10_0_0_4,2),
table(2,i0_0_0_0,3),
table(1,i10_0_0_2,1),
table(1,i10_0_0_1,1),
table(3,i10_0_0_1,3),
table(3,i10_0_0_2,3)
}
IDB {
}
// [Collection time(s)] 11.118532

EDB {
packet_in_l3(3, 3, x41e82686, i0_0_0_0, i255_255_255_255),
auth(i10_0_0_2),
auth(i10_0_0_1),
auth(i10_0_0_4),
table(3,i0_0_0_0,3),
table(2,i10_0_0_1,1),
table(2,i10_0_0_2,2),
table(2,i10_0_0_4,3),
table(1,i0_0_0_0,1),
table(3,i10_0_0_4,2),
table(1,i10_0_0_4,2),
table(2,i0_0_0_0,3),
table(1,i10_0_0_2,1),
table(1,i10_0_0_1,1),
table(3,i10_0_0_1,3),
table(3,i10_0_0_2,3)
}
IDB {
}
// [Collection time(s)] 11.392279

EDB {
packet_in_l3(2, 1, x4e5614c3, i10_0_0_1, i10_0_0_3),
auth(i10_0_0_2),
auth(i10_0_0_1),
auth(i10_0_0_4),
table(3,i0_0_0_0,3),
table(2,i10_0_0_1,1),
table(2,i10_0_0_2,2),
table(2,i10_0_0_4,3),
table(1,i0_0_0_0,1),
table(3,i10_0_0_4,2),
table(1,i10_0_0_4,2),
table(2,i0_0_0_0,3),
table(1,i10_0_0_2,1),
table(1,i10_0_0_1,1),
table(3,i10_0_0_1,3),
table(3,i10_0_0_2,3)
}
IDB {
}
// [Collection time(s)] 11.679607

EDB {
packet_in_l3(2, 1, xf741a942, i10_0_0_1, i10_0_0_3),
auth(i10_0_0_2),
auth(i10_0_0_1),
auth(i10_0_0_4),
table(3,i0_0_0_0,3),
table(2,i10_0_0_1,1),
table(2,i10_0_0_2,2),
table(2,i10_0_0_4,3),
table(1,i0_0_0_0,1),
table(3,i10_0_0_4,2),
table(1,i10_0_0_4,2),
table(2,i0_0_0_0,3),
table(1,i10_0_0_2,1),
table(1,i10_0_0_1,1),
table(3,i10_0_0_1,3),
table(3,i10_0_0_2,3)
}
IDB {
}
// [Collection time(s)] 12.682893

EDB {
packet_in_l3(2, 1, x181c5224, i10_0_0_1, i10_0_0_3),
auth(i10_0_0_2),
auth(i10_0_0_1),
auth(i10_0_0_4),
table(3,i0_0_0_0,3),
table(2,i10_0_0_1,1),
table(2,i10_0_0_2,2),
table(2,i10_0_0_4,3),
table(1,i0_0_0_0,1),
table(3,i10_0_0_4,2),
table(1,i10_0_0_4,2),
table(2,i0_0_0_0,3),
table(1,i10_0_0_2,1),
table(1,i10_0_0_1,1),
table(3,i10_0_0_1,3),
table(3,i10_0_0_2,3)
}
IDB {
}
// [Collection time(s)] 13.689454

EDB {
packet_in_l3(2, 1, x6bd14782, i10_0_0_1, i10_0_0_3),
auth(i10_0_0_2),
auth(i10_0_0_1),
auth(i10_0_0_4),
table(3,i0_0_0_0,3),
table(2,i10_0_0_1,1),
table(2,i10_0_0_2,2),
table(2,i10_0_0_4,3),
table(1,i0_0_0_0,1),
table(3,i10_0_0_4,2),
table(1,i10_0_0_4,2),
table(2,i0_0_0_0,3),
table(1,i10_0_0_2,1),
table(1,i10_0_0_1,1),
table(3,i10_0_0_1,3),
table(3,i10_0_0_2,3)
}
IDB {
}
// [Collection time(s)] 14.692279

