// Trace collected Wed Feb 05 03:53:11 EST 2020
EDB {
packet_in(2, 3, xd5c8cabb, xca4a82ee1c6b, x3333000000fb, 34525)
}
IDB {
flood(2, xd5c8cabb),
new_macToPortMap(2,xca4a82ee1c6b,3)
}
// [Collection time(s)] 0.018938

EDB {
packet_in(3, 3, x354db82c, x5624b233d63d, x3333000000fb, 34525),
macToPortMap(2,xca4a82ee1c6b,3)
}
IDB {
flood(3, x354db82c),
new_macToPortMap(3,x5624b233d63d,3)
}
// [Collection time(s)] 0.022757

EDB {
packet_in(1, 1, xa370ca15, x8eb243aae73f, xffffffffffff, 2048),
macToPortMap(2,xca4a82ee1c6b,3),
macToPortMap(3,x5624b233d63d,3)
}
IDB {
flood(1, xa370ca15),
new_macToPortMap(1,x8eb243aae73f,1)
}
// [Collection time(s)] 0.056082

EDB {
packet_in(1, 1, x7a7e8f37, x8eb243aae73f, x333300000016, 34525),
macToPortMap(1,x8eb243aae73f,1),
macToPortMap(2,xca4a82ee1c6b,3),
macToPortMap(3,x5624b233d63d,3)
}
IDB {
flood(1, x7a7e8f37)
}
// [Collection time(s)] 0.062288

EDB {
packet_in(1, 1, x86a3ee9e, x8eb243aae73f, x3333000000fb, 34525),
macToPortMap(1,x8eb243aae73f,1),
macToPortMap(2,xca4a82ee1c6b,3),
macToPortMap(3,x5624b233d63d,3)
}
IDB {
flood(1, x86a3ee9e)
}
// [Collection time(s)] 0.068352

EDB {
packet_in(1, 2, x7dda1f49, x32cc94fc8a61, x3333000000fb, 34525),
macToPortMap(1,x8eb243aae73f,1),
macToPortMap(2,xca4a82ee1c6b,3),
macToPortMap(3,x5624b233d63d,3)
}
IDB {
flood(1, x7dda1f49),
new_macToPortMap(1,x32cc94fc8a61,2)
}
// [Collection time(s)] 0.080653

EDB {
packet_in(2, 3, x7dda1f2a, x32cc94fc8a61, x3333000000fb, 34525),
macToPortMap(1,x8eb243aae73f,1),
macToPortMap(1,x32cc94fc8a61,2),
macToPortMap(2,xca4a82ee1c6b,3),
macToPortMap(3,x5624b233d63d,3)
}
IDB {
flood(2, x7dda1f2a),
new_macToPortMap(2,x32cc94fc8a61,3)
}
// [Collection time(s)] 0.094072

EDB {
packet_in(3, 3, x70ce2499, x5624b233d63d, x3333000000fb, 34525),
macToPortMap(1,x8eb243aae73f,1),
macToPortMap(1,x32cc94fc8a61,2),
macToPortMap(2,xca4a82ee1c6b,3),
macToPortMap(3,x5624b233d63d,3),
macToPortMap(2,x32cc94fc8a61,3)
}
IDB {
flood(3, x70ce2499)
}
// [Collection time(s)] 0.097532

EDB {
packet_in(3, 3, xa370c9d7, x8eb243aae73f, xffffffffffff, 2048),
macToPortMap(1,x8eb243aae73f,1),
macToPortMap(1,x32cc94fc8a61,2),
macToPortMap(2,xca4a82ee1c6b,3),
macToPortMap(3,x5624b233d63d,3),
macToPortMap(2,x32cc94fc8a61,3)
}
IDB {
flood(3, xa370c9d7),
new_macToPortMap(3,x8eb243aae73f,3)
}
// [Collection time(s)] 0.103795

EDB {
packet_in(3, 3, x7a7e8ef9, x8eb243aae73f, x333300000016, 34525),
macToPortMap(1,x8eb243aae73f,1),
macToPortMap(1,x32cc94fc8a61,2),
macToPortMap(2,xca4a82ee1c6b,3),
macToPortMap(3,x5624b233d63d,3),
macToPortMap(2,x32cc94fc8a61,3),
macToPortMap(3,x8eb243aae73f,3)
}
IDB {
flood(3, x7a7e8ef9)
}
// [Collection time(s)] 0.106845

EDB {
packet_in(3, 3, x86a3ee60, x8eb243aae73f, x3333000000fb, 34525),
macToPortMap(1,x8eb243aae73f,1),
macToPortMap(1,x32cc94fc8a61,2),
macToPortMap(2,xca4a82ee1c6b,3),
macToPortMap(3,x5624b233d63d,3),
macToPortMap(2,x32cc94fc8a61,3),
macToPortMap(3,x8eb243aae73f,3)
}
IDB {
flood(3, x86a3ee60)
}
// [Collection time(s)] 0.109870

EDB {
packet_in(1, 1, xc402a2e0, x8eb243aae73f, x3333000000fb, 34525),
macToPortMap(1,x8eb243aae73f,1),
macToPortMap(1,x32cc94fc8a61,2),
macToPortMap(2,xca4a82ee1c6b,3),
macToPortMap(3,x5624b233d63d,3),
macToPortMap(2,x32cc94fc8a61,3),
macToPortMap(3,x8eb243aae73f,3)
}
IDB {
flood(1, xc402a2e0)
}
// [Collection time(s)] 0.116845

EDB {
packet_in(3, 3, xc402a2a2, x8eb243aae73f, x3333000000fb, 34525),
macToPortMap(1,x8eb243aae73f,1),
macToPortMap(1,x32cc94fc8a61,2),
macToPortMap(2,xca4a82ee1c6b,3),
macToPortMap(3,x5624b233d63d,3),
macToPortMap(2,x32cc94fc8a61,3),
macToPortMap(3,x8eb243aae73f,3)
}
IDB {
flood(3, xc402a2a2)
}
// [Collection time(s)] 0.120205

EDB {
packet_in(1, 2, xc709f4e9, x32cc94fc8a61, x3333000000fb, 34525),
macToPortMap(1,x8eb243aae73f,1),
macToPortMap(1,x32cc94fc8a61,2),
macToPortMap(2,xca4a82ee1c6b,3),
macToPortMap(3,x5624b233d63d,3),
macToPortMap(2,x32cc94fc8a61,3),
macToPortMap(3,x8eb243aae73f,3)
}
IDB {
flood(1, xc709f4e9)
}
// [Collection time(s)] 0.129297

EDB {
packet_in(2, 3, xc709f4ca, x32cc94fc8a61, x3333000000fb, 34525),
macToPortMap(1,x8eb243aae73f,1),
macToPortMap(1,x32cc94fc8a61,2),
macToPortMap(2,xca4a82ee1c6b,3),
macToPortMap(3,x5624b233d63d,3),
macToPortMap(2,x32cc94fc8a61,3),
macToPortMap(3,x8eb243aae73f,3)
}
IDB {
flood(2, xc709f4ca)
}
// [Collection time(s)] 0.133827

EDB {
packet_in(3, 3, x7b9f0db5, x5624b233d63d, x333300000016, 34525),
macToPortMap(1,x8eb243aae73f,1),
macToPortMap(1,x32cc94fc8a61,2),
macToPortMap(2,xca4a82ee1c6b,3),
macToPortMap(3,x5624b233d63d,3),
macToPortMap(2,x32cc94fc8a61,3),
macToPortMap(3,x8eb243aae73f,3)
}
IDB {
flood(3, x7b9f0db5)
}
// [Collection time(s)] 0.212265

EDB {
packet_in(1, 1, x6169ec91, x8eb243aae73f, x3333000000fb, 34525),
macToPortMap(1,x8eb243aae73f,1),
macToPortMap(1,x32cc94fc8a61,2),
macToPortMap(2,xca4a82ee1c6b,3),
macToPortMap(3,x5624b233d63d,3),
macToPortMap(2,x32cc94fc8a61,3),
macToPortMap(3,x8eb243aae73f,3)
}
IDB {
flood(1, x6169ec91)
}
// [Collection time(s)] 0.216739

EDB {
packet_in(3, 3, x6169ec53, x8eb243aae73f, x3333000000fb, 34525),
macToPortMap(1,x8eb243aae73f,1),
macToPortMap(1,x32cc94fc8a61,2),
macToPortMap(2,xca4a82ee1c6b,3),
macToPortMap(3,x5624b233d63d,3),
macToPortMap(2,x32cc94fc8a61,3),
macToPortMap(3,x8eb243aae73f,3)
}
IDB {
flood(3, x6169ec53)
}
// [Collection time(s)] 0.221986

EDB {
packet_in(3, 3, x354db82c, x5624b233d63d, x3333000000fb, 34525),
macToPortMap(1,x8eb243aae73f,1),
macToPortMap(1,x32cc94fc8a61,2),
macToPortMap(2,xca4a82ee1c6b,3),
macToPortMap(3,x5624b233d63d,3),
macToPortMap(2,x32cc94fc8a61,3),
macToPortMap(3,x8eb243aae73f,3)
}
IDB {
flood(3, x354db82c)
}
// [Collection time(s)] 0.230048

EDB {
packet_in(1, 2, x598683b, x32cc94fc8a61, x3333000000fb, 34525),
macToPortMap(1,x8eb243aae73f,1),
macToPortMap(1,x32cc94fc8a61,2),
macToPortMap(2,xca4a82ee1c6b,3),
macToPortMap(3,x5624b233d63d,3),
macToPortMap(2,x32cc94fc8a61,3),
macToPortMap(3,x8eb243aae73f,3)
}
IDB {
flood(1, x598683b)
}
// [Collection time(s)] 0.233250

EDB {
packet_in(2, 3, x598681c, x32cc94fc8a61, x3333000000fb, 34525),
macToPortMap(1,x8eb243aae73f,1),
macToPortMap(1,x32cc94fc8a61,2),
macToPortMap(2,xca4a82ee1c6b,3),
macToPortMap(3,x5624b233d63d,3),
macToPortMap(2,x32cc94fc8a61,3),
macToPortMap(3,x8eb243aae73f,3)
}
IDB {
flood(2, x598681c)
}
// [Collection time(s)] 0.236477

EDB {
packet_in(3, 3, x2481872b, x5624b233d63d, x333300000016, 34525),
macToPortMap(1,x8eb243aae73f,1),
macToPortMap(1,x32cc94fc8a61,2),
macToPortMap(2,xca4a82ee1c6b,3),
macToPortMap(3,x5624b233d63d,3),
macToPortMap(2,x32cc94fc8a61,3),
macToPortMap(3,x8eb243aae73f,3)
}
IDB {
flood(3, x2481872b)
}
// [Collection time(s)] 0.239502

EDB {
packet_in(2, 3, x48818449, xca4a82ee1c6b, x3333000000fb, 34525),
macToPortMap(1,x8eb243aae73f,1),
macToPortMap(1,x32cc94fc8a61,2),
macToPortMap(2,xca4a82ee1c6b,3),
macToPortMap(3,x5624b233d63d,3),
macToPortMap(2,x32cc94fc8a61,3),
macToPortMap(3,x8eb243aae73f,3)
}
IDB {
flood(2, x48818449)
}
// [Collection time(s)] 0.385028

EDB {
packet_in(3, 3, x354db82c, x5624b233d63d, x3333000000fb, 34525),
macToPortMap(1,x8eb243aae73f,1),
macToPortMap(1,x32cc94fc8a61,2),
macToPortMap(2,xca4a82ee1c6b,3),
macToPortMap(3,x5624b233d63d,3),
macToPortMap(2,x32cc94fc8a61,3),
macToPortMap(3,x8eb243aae73f,3)
}
IDB {
flood(3, x354db82c)
}
// [Collection time(s)] 0.476312

EDB {
packet_in(2, 1, x9b6f55d, xe6d0658a7fa8, xffffffffffff, 2054),
macToPortMap(1,x8eb243aae73f,1),
macToPortMap(1,x32cc94fc8a61,2),
macToPortMap(2,xca4a82ee1c6b,3),
macToPortMap(3,x5624b233d63d,3),
macToPortMap(2,x32cc94fc8a61,3),
macToPortMap(3,x8eb243aae73f,3)
}
IDB {
flood(2, x9b6f55d),
new_macToPortMap(2,xe6d0658a7fa8,1)
}
// [Collection time(s)] 0.569300

EDB {
packet_in(2, 2, xd0467387, xca1d3c13919b, xe6d0658a7fa8, 2054),
macToPortMap(1,x8eb243aae73f,1),
macToPortMap(2,xe6d0658a7fa8,1),
macToPortMap(1,x32cc94fc8a61,2),
macToPortMap(2,xca4a82ee1c6b,3),
macToPortMap(3,x5624b233d63d,3),
macToPortMap(2,x32cc94fc8a61,3),
macToPortMap(3,x8eb243aae73f,3)
}
IDB {
flow_mod(2, xe6d0658a7fa8, xca1d3c13919b, 2),
flow_mod(2, xca1d3c13919b, xe6d0658a7fa8, 1),
packet_out(2, xd0467387, 1),
new_macToPortMap(2,xca1d3c13919b,2)
}
// [Collection time(s)] 0.697761

EDB {
packet_in(1, 1, x9b6f55d, xe6d0658a7fa8, xffffffffffff, 2054),
macToPortMap(2,xca1d3c13919b,2),
macToPortMap(1,x8eb243aae73f,1),
macToPortMap(2,xe6d0658a7fa8,1),
macToPortMap(1,x32cc94fc8a61,2),
macToPortMap(2,xca4a82ee1c6b,3),
macToPortMap(3,x5624b233d63d,3),
macToPortMap(2,x32cc94fc8a61,3),
macToPortMap(3,x8eb243aae73f,3)
}
IDB {
flood(1, x9b6f55d),
new_macToPortMap(1,xe6d0658a7fa8,1)
}
// [Collection time(s)] 0.706074

EDB {
packet_in(2, 1, x9b6f55e, xe6d0658a7fa8, xffffffffffff, 2054),
macToPortMap(2,xca1d3c13919b,2),
macToPortMap(1,x8eb243aae73f,1),
macToPortMap(2,xe6d0658a7fa8,1),
macToPortMap(1,x32cc94fc8a61,2),
macToPortMap(2,xca4a82ee1c6b,3),
macToPortMap(3,x5624b233d63d,3),
macToPortMap(2,x32cc94fc8a61,3),
macToPortMap(3,x8eb243aae73f,3),
macToPortMap(1,xe6d0658a7fa8,1)
}
IDB {
flood(2, x9b6f55e)
}
// [Collection time(s)] 0.710162

EDB {
packet_in(3, 3, x3e773eb1, x5624b233d63d, x3333000000fb, 34525),
macToPortMap(2,xca1d3c13919b,2),
macToPortMap(1,x8eb243aae73f,1),
macToPortMap(2,xe6d0658a7fa8,1),
macToPortMap(1,x32cc94fc8a61,2),
macToPortMap(2,xca4a82ee1c6b,3),
macToPortMap(3,x5624b233d63d,3),
macToPortMap(2,x32cc94fc8a61,3),
macToPortMap(3,x8eb243aae73f,3),
macToPortMap(1,xe6d0658a7fa8,1)
}
IDB {
flood(3, x3e773eb1)
}
// [Collection time(s)] 0.714213

EDB {
packet_in(3, 3, x9b6f51f, xe6d0658a7fa8, xffffffffffff, 2054),
macToPortMap(2,xca1d3c13919b,2),
macToPortMap(1,x8eb243aae73f,1),
macToPortMap(2,xe6d0658a7fa8,1),
macToPortMap(1,x32cc94fc8a61,2),
macToPortMap(2,xca4a82ee1c6b,3),
macToPortMap(3,x5624b233d63d,3),
macToPortMap(2,x32cc94fc8a61,3),
macToPortMap(3,x8eb243aae73f,3),
macToPortMap(1,xe6d0658a7fa8,1)
}
IDB {
flood(3, x9b6f51f),
new_macToPortMap(3,xe6d0658a7fa8,3)
}
// [Collection time(s)] 0.727962

EDB {
packet_in(1, 1, x9b6f55e, xe6d0658a7fa8, xffffffffffff, 2054),
macToPortMap(2,xca1d3c13919b,2),
macToPortMap(1,x8eb243aae73f,1),
macToPortMap(2,xe6d0658a7fa8,1),
macToPortMap(1,x32cc94fc8a61,2),
macToPortMap(2,xca4a82ee1c6b,3),
macToPortMap(3,x5624b233d63d,3),
macToPortMap(3,xe6d0658a7fa8,3),
macToPortMap(2,x32cc94fc8a61,3),
macToPortMap(3,x8eb243aae73f,3),
macToPortMap(1,xe6d0658a7fa8,1)
}
IDB {
flood(1, x9b6f55e)
}
// [Collection time(s)] 0.732802

EDB {
packet_in(1, 1, xc2f3da9f, x8eb243aae73f, x3333000000fb, 34525),
macToPortMap(2,xca1d3c13919b,2),
macToPortMap(1,x8eb243aae73f,1),
macToPortMap(2,xe6d0658a7fa8,1),
macToPortMap(1,x32cc94fc8a61,2),
macToPortMap(2,xca4a82ee1c6b,3),
macToPortMap(3,x5624b233d63d,3),
macToPortMap(3,xe6d0658a7fa8,3),
macToPortMap(2,x32cc94fc8a61,3),
macToPortMap(3,x8eb243aae73f,3),
macToPortMap(1,xe6d0658a7fa8,1)
}
IDB {
flood(1, xc2f3da9f)
}
// [Collection time(s)] 0.752749

EDB {
packet_in(3, 3, x9b6f520, xe6d0658a7fa8, xffffffffffff, 2054),
macToPortMap(2,xca1d3c13919b,2),
macToPortMap(1,x8eb243aae73f,1),
macToPortMap(2,xe6d0658a7fa8,1),
macToPortMap(1,x32cc94fc8a61,2),
macToPortMap(2,xca4a82ee1c6b,3),
macToPortMap(3,x5624b233d63d,3),
macToPortMap(3,xe6d0658a7fa8,3),
macToPortMap(2,x32cc94fc8a61,3),
macToPortMap(3,x8eb243aae73f,3),
macToPortMap(1,xe6d0658a7fa8,1)
}
IDB {
flood(3, x9b6f520)
}
// [Collection time(s)] 0.766917

EDB {
packet_in(3, 3, xc2f3da61, x8eb243aae73f, x3333000000fb, 34525),
macToPortMap(2,xca1d3c13919b,2),
macToPortMap(1,x8eb243aae73f,1),
macToPortMap(2,xe6d0658a7fa8,1),
macToPortMap(1,x32cc94fc8a61,2),
macToPortMap(2,xca4a82ee1c6b,3),
macToPortMap(3,x5624b233d63d,3),
macToPortMap(3,xe6d0658a7fa8,3),
macToPortMap(2,x32cc94fc8a61,3),
macToPortMap(3,x8eb243aae73f,3),
macToPortMap(1,xe6d0658a7fa8,1)
}
IDB {
flood(3, xc2f3da61)
}
// [Collection time(s)] 0.774398

EDB {
packet_in(1, 2, xced3af2b, x32cc94fc8a61, x3333000000fb, 34525),
macToPortMap(2,xca1d3c13919b,2),
macToPortMap(1,x8eb243aae73f,1),
macToPortMap(2,xe6d0658a7fa8,1),
macToPortMap(1,x32cc94fc8a61,2),
macToPortMap(2,xca4a82ee1c6b,3),
macToPortMap(3,x5624b233d63d,3),
macToPortMap(3,xe6d0658a7fa8,3),
macToPortMap(2,x32cc94fc8a61,3),
macToPortMap(3,x8eb243aae73f,3),
macToPortMap(1,xe6d0658a7fa8,1)
}
IDB {
flood(1, xced3af2b)
}
// [Collection time(s)] 0.788830

EDB {
packet_in(2, 3, xced3af0c, x32cc94fc8a61, x3333000000fb, 34525),
macToPortMap(2,xca1d3c13919b,2),
macToPortMap(1,x8eb243aae73f,1),
macToPortMap(2,xe6d0658a7fa8,1),
macToPortMap(1,x32cc94fc8a61,2),
macToPortMap(2,xca4a82ee1c6b,3),
macToPortMap(3,x5624b233d63d,3),
macToPortMap(3,xe6d0658a7fa8,3),
macToPortMap(2,x32cc94fc8a61,3),
macToPortMap(3,x8eb243aae73f,3),
macToPortMap(1,xe6d0658a7fa8,1)
}
IDB {
flood(2, xced3af0c)
}
// [Collection time(s)] 0.792521

EDB {
packet_in(2, 3, xc429c030, xca4a82ee1c6b, xffffffffffff, 2048),
macToPortMap(2,xca1d3c13919b,2),
macToPortMap(1,x8eb243aae73f,1),
macToPortMap(2,xe6d0658a7fa8,1),
macToPortMap(1,x32cc94fc8a61,2),
macToPortMap(2,xca4a82ee1c6b,3),
macToPortMap(3,x5624b233d63d,3),
macToPortMap(3,xe6d0658a7fa8,3),
macToPortMap(2,x32cc94fc8a61,3),
macToPortMap(3,x8eb243aae73f,3),
macToPortMap(1,xe6d0658a7fa8,1)
}
IDB {
flood(2, xc429c030)
}
// [Collection time(s)] 0.812040

EDB {
packet_in(3, 1, xd523ce3f, x7e89ef9fcfd4, xe6d0658a7fa8, 2054),
macToPortMap(2,xca1d3c13919b,2),
macToPortMap(1,x8eb243aae73f,1),
macToPortMap(2,xe6d0658a7fa8,1),
macToPortMap(1,x32cc94fc8a61,2),
macToPortMap(2,xca4a82ee1c6b,3),
macToPortMap(3,x5624b233d63d,3),
macToPortMap(3,xe6d0658a7fa8,3),
macToPortMap(2,x32cc94fc8a61,3),
macToPortMap(3,x8eb243aae73f,3),
macToPortMap(1,xe6d0658a7fa8,1)
}
IDB {
flow_mod(3, xe6d0658a7fa8, x7e89ef9fcfd4, 1),
flow_mod(3, x7e89ef9fcfd4, xe6d0658a7fa8, 3),
packet_out(3, xd523ce3f, 3),
new_macToPortMap(3,x7e89ef9fcfd4,1)
}
// [Collection time(s)] 0.819609

EDB {
packet_in(3, 3, xc00a76c2, x5624b233d63d, x3333000000fb, 34525),
macToPortMap(2,xca1d3c13919b,2),
macToPortMap(1,x8eb243aae73f,1),
macToPortMap(2,xe6d0658a7fa8,1),
macToPortMap(1,x32cc94fc8a61,2),
macToPortMap(2,xca4a82ee1c6b,3),
macToPortMap(3,x7e89ef9fcfd4,1),
macToPortMap(3,x5624b233d63d,3),
macToPortMap(3,xe6d0658a7fa8,3),
macToPortMap(2,x32cc94fc8a61,3),
macToPortMap(3,x8eb243aae73f,3),
macToPortMap(1,xe6d0658a7fa8,1)
}
IDB {
flood(3, xc00a76c2)
}
// [Collection time(s)] 0.829438

EDB {
packet_in(1, 2, xd523ce20, x7e89ef9fcfd4, xe6d0658a7fa8, 2054),
macToPortMap(2,xca1d3c13919b,2),
macToPortMap(1,x8eb243aae73f,1),
macToPortMap(2,xe6d0658a7fa8,1),
macToPortMap(1,x32cc94fc8a61,2),
macToPortMap(2,xca4a82ee1c6b,3),
macToPortMap(3,x7e89ef9fcfd4,1),
macToPortMap(3,x5624b233d63d,3),
macToPortMap(3,xe6d0658a7fa8,3),
macToPortMap(2,x32cc94fc8a61,3),
macToPortMap(3,x8eb243aae73f,3),
macToPortMap(1,xe6d0658a7fa8,1)
}
IDB {
flow_mod(1, xe6d0658a7fa8, x7e89ef9fcfd4, 2),
flow_mod(1, x7e89ef9fcfd4, xe6d0658a7fa8, 1),
packet_out(1, xd523ce20, 1),
new_macToPortMap(1,x7e89ef9fcfd4,2)
}
// [Collection time(s)] 0.836321

EDB {
packet_in(2, 3, xd523ce01, x7e89ef9fcfd4, xe6d0658a7fa8, 2054),
macToPortMap(2,xca1d3c13919b,2),
macToPortMap(1,x8eb243aae73f,1),
macToPortMap(2,xe6d0658a7fa8,1),
macToPortMap(1,x32cc94fc8a61,2),
macToPortMap(2,xca4a82ee1c6b,3),
macToPortMap(3,x7e89ef9fcfd4,1),
macToPortMap(3,x5624b233d63d,3),
macToPortMap(3,xe6d0658a7fa8,3),
macToPortMap(2,x32cc94fc8a61,3),
macToPortMap(3,x8eb243aae73f,3),
macToPortMap(1,xe6d0658a7fa8,1),
macToPortMap(1,x7e89ef9fcfd4,2)
}
IDB {
flow_mod(2, xe6d0658a7fa8, x7e89ef9fcfd4, 3),
flow_mod(2, x7e89ef9fcfd4, xe6d0658a7fa8, 1),
packet_out(2, xd523ce01, 1),
new_macToPortMap(2,x7e89ef9fcfd4,3)
}
// [Collection time(s)] 0.849325

EDB {
packet_in(2, 1, x9b6f55f, xe6d0658a7fa8, xffffffffffff, 2054),
macToPortMap(2,xca1d3c13919b,2),
macToPortMap(2,x7e89ef9fcfd4,3),
macToPortMap(1,x8eb243aae73f,1),
macToPortMap(2,xe6d0658a7fa8,1),
macToPortMap(1,x32cc94fc8a61,2),
macToPortMap(2,xca4a82ee1c6b,3),
macToPortMap(3,x7e89ef9fcfd4,1),
macToPortMap(3,x5624b233d63d,3),
macToPortMap(3,xe6d0658a7fa8,3),
macToPortMap(2,x32cc94fc8a61,3),
macToPortMap(3,x8eb243aae73f,3),
macToPortMap(1,xe6d0658a7fa8,1),
macToPortMap(1,x7e89ef9fcfd4,2)
}
IDB {
flood(2, x9b6f55f)
}
// [Collection time(s)] 0.857201

EDB {
packet_in(1, 1, x9b6f55f, xe6d0658a7fa8, xffffffffffff, 2054),
macToPortMap(2,xca1d3c13919b,2),
macToPortMap(2,x7e89ef9fcfd4,3),
macToPortMap(1,x8eb243aae73f,1),
macToPortMap(2,xe6d0658a7fa8,1),
macToPortMap(1,x32cc94fc8a61,2),
macToPortMap(2,xca4a82ee1c6b,3),
macToPortMap(3,x7e89ef9fcfd4,1),
macToPortMap(3,x5624b233d63d,3),
macToPortMap(3,xe6d0658a7fa8,3),
macToPortMap(2,x32cc94fc8a61,3),
macToPortMap(3,x8eb243aae73f,3),
macToPortMap(1,xe6d0658a7fa8,1),
macToPortMap(1,x7e89ef9fcfd4,2)
}
IDB {
flood(1, x9b6f55f)
}
// [Collection time(s)] 0.862416

EDB {
packet_in(3, 3, x9b6f521, xe6d0658a7fa8, xffffffffffff, 2054),
macToPortMap(2,xca1d3c13919b,2),
macToPortMap(2,x7e89ef9fcfd4,3),
macToPortMap(1,x8eb243aae73f,1),
macToPortMap(2,xe6d0658a7fa8,1),
macToPortMap(1,x32cc94fc8a61,2),
macToPortMap(2,xca4a82ee1c6b,3),
macToPortMap(3,x7e89ef9fcfd4,1),
macToPortMap(3,x5624b233d63d,3),
macToPortMap(3,xe6d0658a7fa8,3),
macToPortMap(2,x32cc94fc8a61,3),
macToPortMap(3,x8eb243aae73f,3),
macToPortMap(1,xe6d0658a7fa8,1),
macToPortMap(1,x7e89ef9fcfd4,2)
}
IDB {
flood(3, x9b6f521)
}
// [Collection time(s)] 0.876789

EDB {
packet_in(3, 2, x5ece9c65, x32d51c89bef0, xe6d0658a7fa8, 2054),
macToPortMap(2,xca1d3c13919b,2),
macToPortMap(2,x7e89ef9fcfd4,3),
macToPortMap(1,x8eb243aae73f,1),
macToPortMap(2,xe6d0658a7fa8,1),
macToPortMap(1,x32cc94fc8a61,2),
macToPortMap(2,xca4a82ee1c6b,3),
macToPortMap(3,x7e89ef9fcfd4,1),
macToPortMap(3,x5624b233d63d,3),
macToPortMap(3,xe6d0658a7fa8,3),
macToPortMap(2,x32cc94fc8a61,3),
macToPortMap(3,x8eb243aae73f,3),
macToPortMap(1,xe6d0658a7fa8,1),
macToPortMap(1,x7e89ef9fcfd4,2)
}
IDB {
flow_mod(3, xe6d0658a7fa8, x32d51c89bef0, 2),
flow_mod(3, x32d51c89bef0, xe6d0658a7fa8, 3),
packet_out(3, x5ece9c65, 3),
new_macToPortMap(3,x32d51c89bef0,2)
}
// [Collection time(s)] 0.902041

EDB {
packet_in(1, 2, x5ece9c65, x32d51c89bef0, xe6d0658a7fa8, 2054),
macToPortMap(2,xca1d3c13919b,2),
macToPortMap(3,x32d51c89bef0,2),
macToPortMap(2,x7e89ef9fcfd4,3),
macToPortMap(1,x8eb243aae73f,1),
macToPortMap(2,xe6d0658a7fa8,1),
macToPortMap(1,x32cc94fc8a61,2),
macToPortMap(2,xca4a82ee1c6b,3),
macToPortMap(3,x7e89ef9fcfd4,1),
macToPortMap(3,x5624b233d63d,3),
macToPortMap(3,xe6d0658a7fa8,3),
macToPortMap(2,x32cc94fc8a61,3),
macToPortMap(3,x8eb243aae73f,3),
macToPortMap(1,xe6d0658a7fa8,1),
macToPortMap(1,x7e89ef9fcfd4,2)
}
IDB {
flow_mod(1, xe6d0658a7fa8, x32d51c89bef0, 2),
flow_mod(1, x32d51c89bef0, xe6d0658a7fa8, 1),
packet_out(1, x5ece9c65, 1),
new_macToPortMap(1,x32d51c89bef0,2)
}
// [Collection time(s)] 0.908961

EDB {
packet_in(1, 2, x6062aa6e, x32cc94fc8a61, xffffffffffff, 2048),
macToPortMap(2,xca1d3c13919b,2),
macToPortMap(3,x32d51c89bef0,2),
macToPortMap(2,x7e89ef9fcfd4,3),
macToPortMap(1,x8eb243aae73f,1),
macToPortMap(2,xe6d0658a7fa8,1),
macToPortMap(1,x32cc94fc8a61,2),
macToPortMap(2,xca4a82ee1c6b,3),
macToPortMap(3,x7e89ef9fcfd4,1),
macToPortMap(3,x5624b233d63d,3),
macToPortMap(3,xe6d0658a7fa8,3),
macToPortMap(2,x32cc94fc8a61,3),
macToPortMap(3,x8eb243aae73f,3),
macToPortMap(1,xe6d0658a7fa8,1),
macToPortMap(1,x7e89ef9fcfd4,2),
macToPortMap(1,x32d51c89bef0,2)
}
IDB {
flood(1, x6062aa6e)
}
// [Collection time(s)] 0.915420

EDB {
packet_in(2, 3, x5ece9c46, x32d51c89bef0, xe6d0658a7fa8, 2054),
macToPortMap(2,xca1d3c13919b,2),
macToPortMap(3,x32d51c89bef0,2),
macToPortMap(2,x7e89ef9fcfd4,3),
macToPortMap(1,x8eb243aae73f,1),
macToPortMap(2,xe6d0658a7fa8,1),
macToPortMap(1,x32cc94fc8a61,2),
macToPortMap(2,xca4a82ee1c6b,3),
macToPortMap(3,x7e89ef9fcfd4,1),
macToPortMap(3,x5624b233d63d,3),
macToPortMap(3,xe6d0658a7fa8,3),
macToPortMap(2,x32cc94fc8a61,3),
macToPortMap(3,x8eb243aae73f,3),
macToPortMap(1,xe6d0658a7fa8,1),
macToPortMap(1,x7e89ef9fcfd4,2),
macToPortMap(1,x32d51c89bef0,2)
}
IDB {
flow_mod(2, xe6d0658a7fa8, x32d51c89bef0, 3),
flow_mod(2, x32d51c89bef0, xe6d0658a7fa8, 1),
packet_out(2, x5ece9c46, 1),
new_macToPortMap(2,x32d51c89bef0,3)
}
// [Collection time(s)] 0.925133

EDB {
packet_in(2, 3, x6062aa4f, x32cc94fc8a61, xffffffffffff, 2048),
macToPortMap(2,xca1d3c13919b,2),
macToPortMap(3,x32d51c89bef0,2),
macToPortMap(2,x7e89ef9fcfd4,3),
macToPortMap(1,x8eb243aae73f,1),
macToPortMap(2,xe6d0658a7fa8,1),
macToPortMap(1,x32cc94fc8a61,2),
macToPortMap(2,xca4a82ee1c6b,3),
macToPortMap(3,x7e89ef9fcfd4,1),
macToPortMap(3,x5624b233d63d,3),
macToPortMap(3,xe6d0658a7fa8,3),
macToPortMap(2,x32cc94fc8a61,3),
macToPortMap(3,x8eb243aae73f,3),
macToPortMap(1,xe6d0658a7fa8,1),
macToPortMap(1,x7e89ef9fcfd4,2),
macToPortMap(1,x32d51c89bef0,2),
macToPortMap(2,x32d51c89bef0,3)
}
IDB {
flood(2, x6062aa4f)
}
// [Collection time(s)] 0.934638

EDB {
packet_in(2, 2, xa8e8b338, xca1d3c13919b, xffffffffffff, 2054),
macToPortMap(2,xca1d3c13919b,2),
macToPortMap(3,x32d51c89bef0,2),
macToPortMap(2,x7e89ef9fcfd4,3),
macToPortMap(1,x8eb243aae73f,1),
macToPortMap(2,xe6d0658a7fa8,1),
macToPortMap(1,x32cc94fc8a61,2),
macToPortMap(2,xca4a82ee1c6b,3),
macToPortMap(3,x7e89ef9fcfd4,1),
macToPortMap(3,x5624b233d63d,3),
macToPortMap(3,xe6d0658a7fa8,3),
macToPortMap(2,x32cc94fc8a61,3),
macToPortMap(3,x8eb243aae73f,3),
macToPortMap(1,xe6d0658a7fa8,1),
macToPortMap(1,x7e89ef9fcfd4,2),
macToPortMap(1,x32d51c89bef0,2),
macToPortMap(2,x32d51c89bef0,3)
}
IDB {
flood(2, xa8e8b338)
}
// [Collection time(s)] 0.939442

EDB {
packet_in(1, 1, xa8e8b357, xca1d3c13919b, xffffffffffff, 2054),
macToPortMap(2,xca1d3c13919b,2),
macToPortMap(3,x32d51c89bef0,2),
macToPortMap(2,x7e89ef9fcfd4,3),
macToPortMap(1,x8eb243aae73f,1),
macToPortMap(2,xe6d0658a7fa8,1),
macToPortMap(1,x32cc94fc8a61,2),
macToPortMap(2,xca4a82ee1c6b,3),
macToPortMap(3,x7e89ef9fcfd4,1),
macToPortMap(3,x5624b233d63d,3),
macToPortMap(3,xe6d0658a7fa8,3),
macToPortMap(2,x32cc94fc8a61,3),
macToPortMap(3,x8eb243aae73f,3),
macToPortMap(1,xe6d0658a7fa8,1),
macToPortMap(1,x7e89ef9fcfd4,2),
macToPortMap(1,x32d51c89bef0,2),
macToPortMap(2,x32d51c89bef0,3)
}
IDB {
flood(1, xa8e8b357),
new_macToPortMap(1,xca1d3c13919b,1)
}
// [Collection time(s)] 0.944448

EDB {
packet_in(3, 3, xa8e8b319, xca1d3c13919b, xffffffffffff, 2054),
macToPortMap(1,xca1d3c13919b,1),
macToPortMap(2,xca1d3c13919b,2),
macToPortMap(3,x32d51c89bef0,2),
macToPortMap(2,x7e89ef9fcfd4,3),
macToPortMap(1,x8eb243aae73f,1),
macToPortMap(2,xe6d0658a7fa8,1),
macToPortMap(1,x32cc94fc8a61,2),
macToPortMap(2,xca4a82ee1c6b,3),
macToPortMap(3,x7e89ef9fcfd4,1),
macToPortMap(3,x5624b233d63d,3),
macToPortMap(3,xe6d0658a7fa8,3),
macToPortMap(2,x32cc94fc8a61,3),
macToPortMap(3,x8eb243aae73f,3),
macToPortMap(1,xe6d0658a7fa8,1),
macToPortMap(1,x7e89ef9fcfd4,2),
macToPortMap(1,x32d51c89bef0,2),
macToPortMap(2,x32d51c89bef0,3)
}
IDB {
flood(3, xa8e8b319),
new_macToPortMap(3,xca1d3c13919b,3)
}
// [Collection time(s)] 0.949444

EDB {
packet_in(3, 1, x6b7e4778, x7e89ef9fcfd4, xca1d3c13919b, 2054),
macToPortMap(1,xca1d3c13919b,1),
macToPortMap(2,xca1d3c13919b,2),
macToPortMap(3,x32d51c89bef0,2),
macToPortMap(2,x7e89ef9fcfd4,3),
macToPortMap(1,x8eb243aae73f,1),
macToPortMap(2,xe6d0658a7fa8,1),
macToPortMap(3,xca1d3c13919b,3),
macToPortMap(1,x32cc94fc8a61,2),
macToPortMap(2,xca4a82ee1c6b,3),
macToPortMap(3,x7e89ef9fcfd4,1),
macToPortMap(3,x5624b233d63d,3),
macToPortMap(3,xe6d0658a7fa8,3),
macToPortMap(2,x32cc94fc8a61,3),
macToPortMap(3,x8eb243aae73f,3),
macToPortMap(1,xe6d0658a7fa8,1),
macToPortMap(1,x7e89ef9fcfd4,2),
macToPortMap(1,x32d51c89bef0,2),
macToPortMap(2,x32d51c89bef0,3)
}
IDB {
flow_mod(3, xca1d3c13919b, x7e89ef9fcfd4, 1),
flow_mod(3, x7e89ef9fcfd4, xca1d3c13919b, 3),
packet_out(3, x6b7e4778, 3)
}
// [Collection time(s)] 0.956978

EDB {
packet_in(1, 2, x6b7e4759, x7e89ef9fcfd4, xca1d3c13919b, 2054),
macToPortMap(1,xca1d3c13919b,1),
macToPortMap(2,xca1d3c13919b,2),
macToPortMap(3,x32d51c89bef0,2),
macToPortMap(2,x7e89ef9fcfd4,3),
macToPortMap(1,x8eb243aae73f,1),
macToPortMap(2,xe6d0658a7fa8,1),
macToPortMap(3,xca1d3c13919b,3),
macToPortMap(1,x32cc94fc8a61,2),
macToPortMap(2,xca4a82ee1c6b,3),
macToPortMap(3,x7e89ef9fcfd4,1),
macToPortMap(3,x5624b233d63d,3),
macToPortMap(3,xe6d0658a7fa8,3),
macToPortMap(2,x32cc94fc8a61,3),
macToPortMap(3,x8eb243aae73f,3),
macToPortMap(1,xe6d0658a7fa8,1),
macToPortMap(1,x7e89ef9fcfd4,2),
macToPortMap(1,x32d51c89bef0,2),
macToPortMap(2,x32d51c89bef0,3)
}
IDB {
flow_mod(1, xca1d3c13919b, x7e89ef9fcfd4, 2),
flow_mod(1, x7e89ef9fcfd4, xca1d3c13919b, 1),
packet_out(1, x6b7e4759, 1)
}
// [Collection time(s)] 0.964002

EDB {
packet_in(2, 3, x6b7e473a, x7e89ef9fcfd4, xca1d3c13919b, 2054),
macToPortMap(1,xca1d3c13919b,1),
macToPortMap(2,xca1d3c13919b,2),
macToPortMap(3,x32d51c89bef0,2),
macToPortMap(2,x7e89ef9fcfd4,3),
macToPortMap(1,x8eb243aae73f,1),
macToPortMap(2,xe6d0658a7fa8,1),
macToPortMap(3,xca1d3c13919b,3),
macToPortMap(1,x32cc94fc8a61,2),
macToPortMap(2,xca4a82ee1c6b,3),
macToPortMap(3,x7e89ef9fcfd4,1),
macToPortMap(3,x5624b233d63d,3),
macToPortMap(3,xe6d0658a7fa8,3),
macToPortMap(2,x32cc94fc8a61,3),
macToPortMap(3,x8eb243aae73f,3),
macToPortMap(1,xe6d0658a7fa8,1),
macToPortMap(1,x7e89ef9fcfd4,2),
macToPortMap(1,x32d51c89bef0,2),
macToPortMap(2,x32d51c89bef0,3)
}
IDB {
flow_mod(2, xca1d3c13919b, x7e89ef9fcfd4, 3),
flow_mod(2, x7e89ef9fcfd4, xca1d3c13919b, 2),
packet_out(2, x6b7e473a, 2)
}
// [Collection time(s)] 0.974200

EDB {
packet_in(2, 2, xa8e8b339, xca1d3c13919b, xffffffffffff, 2054),
macToPortMap(1,xca1d3c13919b,1),
macToPortMap(2,xca1d3c13919b,2),
macToPortMap(3,x32d51c89bef0,2),
macToPortMap(2,x7e89ef9fcfd4,3),
macToPortMap(1,x8eb243aae73f,1),
macToPortMap(2,xe6d0658a7fa8,1),
macToPortMap(3,xca1d3c13919b,3),
macToPortMap(1,x32cc94fc8a61,2),
macToPortMap(2,xca4a82ee1c6b,3),
macToPortMap(3,x7e89ef9fcfd4,1),
macToPortMap(3,x5624b233d63d,3),
macToPortMap(3,xe6d0658a7fa8,3),
macToPortMap(2,x32cc94fc8a61,3),
macToPortMap(3,x8eb243aae73f,3),
macToPortMap(1,xe6d0658a7fa8,1),
macToPortMap(1,x7e89ef9fcfd4,2),
macToPortMap(1,x32d51c89bef0,2),
macToPortMap(2,x32d51c89bef0,3)
}
IDB {
flood(2, xa8e8b339)
}
// [Collection time(s)] 0.984158

EDB {
packet_in(1, 1, xa8e8b358, xca1d3c13919b, xffffffffffff, 2054),
macToPortMap(1,xca1d3c13919b,1),
macToPortMap(2,xca1d3c13919b,2),
macToPortMap(3,x32d51c89bef0,2),
macToPortMap(2,x7e89ef9fcfd4,3),
macToPortMap(1,x8eb243aae73f,1),
macToPortMap(2,xe6d0658a7fa8,1),
macToPortMap(3,xca1d3c13919b,3),
macToPortMap(1,x32cc94fc8a61,2),
macToPortMap(2,xca4a82ee1c6b,3),
macToPortMap(3,x7e89ef9fcfd4,1),
macToPortMap(3,x5624b233d63d,3),
macToPortMap(3,xe6d0658a7fa8,3),
macToPortMap(2,x32cc94fc8a61,3),
macToPortMap(3,x8eb243aae73f,3),
macToPortMap(1,xe6d0658a7fa8,1),
macToPortMap(1,x7e89ef9fcfd4,2),
macToPortMap(1,x32d51c89bef0,2),
macToPortMap(2,x32d51c89bef0,3)
}
IDB {
flood(1, xa8e8b358)
}
// [Collection time(s)] 0.990297

EDB {
packet_in(3, 3, xa8e8b31a, xca1d3c13919b, xffffffffffff, 2054),
macToPortMap(1,xca1d3c13919b,1),
macToPortMap(2,xca1d3c13919b,2),
macToPortMap(3,x32d51c89bef0,2),
macToPortMap(2,x7e89ef9fcfd4,3),
macToPortMap(1,x8eb243aae73f,1),
macToPortMap(2,xe6d0658a7fa8,1),
macToPortMap(3,xca1d3c13919b,3),
macToPortMap(1,x32cc94fc8a61,2),
macToPortMap(2,xca4a82ee1c6b,3),
macToPortMap(3,x7e89ef9fcfd4,1),
macToPortMap(3,x5624b233d63d,3),
macToPortMap(3,xe6d0658a7fa8,3),
macToPortMap(2,x32cc94fc8a61,3),
macToPortMap(3,x8eb243aae73f,3),
macToPortMap(1,xe6d0658a7fa8,1),
macToPortMap(1,x7e89ef9fcfd4,2),
macToPortMap(1,x32d51c89bef0,2),
macToPortMap(2,x32d51c89bef0,3)
}
IDB {
flood(3, xa8e8b31a)
}
// [Collection time(s)] 0.995478

EDB {
packet_in(3, 2, xf529159e, x32d51c89bef0, xca1d3c13919b, 2054),
macToPortMap(1,xca1d3c13919b,1),
macToPortMap(2,xca1d3c13919b,2),
macToPortMap(3,x32d51c89bef0,2),
macToPortMap(2,x7e89ef9fcfd4,3),
macToPortMap(1,x8eb243aae73f,1),
macToPortMap(2,xe6d0658a7fa8,1),
macToPortMap(3,xca1d3c13919b,3),
macToPortMap(1,x32cc94fc8a61,2),
macToPortMap(2,xca4a82ee1c6b,3),
macToPortMap(3,x7e89ef9fcfd4,1),
macToPortMap(3,x5624b233d63d,3),
macToPortMap(3,xe6d0658a7fa8,3),
macToPortMap(2,x32cc94fc8a61,3),
macToPortMap(3,x8eb243aae73f,3),
macToPortMap(1,xe6d0658a7fa8,1),
macToPortMap(1,x7e89ef9fcfd4,2),
macToPortMap(1,x32d51c89bef0,2),
macToPortMap(2,x32d51c89bef0,3)
}
IDB {
flow_mod(3, xca1d3c13919b, x32d51c89bef0, 2),
flow_mod(3, x32d51c89bef0, xca1d3c13919b, 3),
packet_out(3, xf529159e, 3)
}
// [Collection time(s)] 1.006050

EDB {
packet_in(1, 2, xf529159e, x32d51c89bef0, xca1d3c13919b, 2054),
macToPortMap(1,xca1d3c13919b,1),
macToPortMap(2,xca1d3c13919b,2),
macToPortMap(3,x32d51c89bef0,2),
macToPortMap(2,x7e89ef9fcfd4,3),
macToPortMap(1,x8eb243aae73f,1),
macToPortMap(2,xe6d0658a7fa8,1),
macToPortMap(3,xca1d3c13919b,3),
macToPortMap(1,x32cc94fc8a61,2),
macToPortMap(2,xca4a82ee1c6b,3),
macToPortMap(3,x7e89ef9fcfd4,1),
macToPortMap(3,x5624b233d63d,3),
macToPortMap(3,xe6d0658a7fa8,3),
macToPortMap(2,x32cc94fc8a61,3),
macToPortMap(3,x8eb243aae73f,3),
macToPortMap(1,xe6d0658a7fa8,1),
macToPortMap(1,x7e89ef9fcfd4,2),
macToPortMap(1,x32d51c89bef0,2),
macToPortMap(2,x32d51c89bef0,3)
}
IDB {
flow_mod(1, xca1d3c13919b, x32d51c89bef0, 2),
flow_mod(1, x32d51c89bef0, xca1d3c13919b, 1),
packet_out(1, xf529159e, 1)
}
// [Collection time(s)] 1.013005

EDB {
packet_in(2, 3, xf529157f, x32d51c89bef0, xca1d3c13919b, 2054),
macToPortMap(1,xca1d3c13919b,1),
macToPortMap(2,xca1d3c13919b,2),
macToPortMap(3,x32d51c89bef0,2),
macToPortMap(2,x7e89ef9fcfd4,3),
macToPortMap(1,x8eb243aae73f,1),
macToPortMap(2,xe6d0658a7fa8,1),
macToPortMap(3,xca1d3c13919b,3),
macToPortMap(1,x32cc94fc8a61,2),
macToPortMap(2,xca4a82ee1c6b,3),
macToPortMap(3,x7e89ef9fcfd4,1),
macToPortMap(3,x5624b233d63d,3),
macToPortMap(3,xe6d0658a7fa8,3),
macToPortMap(2,x32cc94fc8a61,3),
macToPortMap(3,x8eb243aae73f,3),
macToPortMap(1,xe6d0658a7fa8,1),
macToPortMap(1,x7e89ef9fcfd4,2),
macToPortMap(1,x32d51c89bef0,2),
macToPortMap(2,x32d51c89bef0,3)
}
IDB {
flow_mod(2, xca1d3c13919b, x32d51c89bef0, 3),
flow_mod(2, x32d51c89bef0, xca1d3c13919b, 2),
packet_out(2, xf529157f, 2)
}
// [Collection time(s)] 1.023556

EDB {
packet_in(2, 3, x96b53f49, xca4a82ee1c6b, x3333000000fb, 34525),
macToPortMap(1,xca1d3c13919b,1),
macToPortMap(2,xca1d3c13919b,2),
macToPortMap(3,x32d51c89bef0,2),
macToPortMap(2,x7e89ef9fcfd4,3),
macToPortMap(1,x8eb243aae73f,1),
macToPortMap(2,xe6d0658a7fa8,1),
macToPortMap(3,xca1d3c13919b,3),
macToPortMap(1,x32cc94fc8a61,2),
macToPortMap(2,xca4a82ee1c6b,3),
macToPortMap(3,x7e89ef9fcfd4,1),
macToPortMap(3,x5624b233d63d,3),
macToPortMap(3,xe6d0658a7fa8,3),
macToPortMap(2,x32cc94fc8a61,3),
macToPortMap(3,x8eb243aae73f,3),
macToPortMap(1,xe6d0658a7fa8,1),
macToPortMap(1,x7e89ef9fcfd4,2),
macToPortMap(1,x32d51c89bef0,2),
macToPortMap(2,x32d51c89bef0,3)
}
IDB {
flood(2, x96b53f49)
}
// [Collection time(s)] 1.031717

EDB {
packet_in(3, 1, xadc60df1, x7e89ef9fcfd4, xffffffffffff, 2054),
macToPortMap(1,xca1d3c13919b,1),
macToPortMap(2,xca1d3c13919b,2),
macToPortMap(3,x32d51c89bef0,2),
macToPortMap(2,x7e89ef9fcfd4,3),
macToPortMap(1,x8eb243aae73f,1),
macToPortMap(2,xe6d0658a7fa8,1),
macToPortMap(3,xca1d3c13919b,3),
macToPortMap(1,x32cc94fc8a61,2),
macToPortMap(2,xca4a82ee1c6b,3),
macToPortMap(3,x7e89ef9fcfd4,1),
macToPortMap(3,x5624b233d63d,3),
macToPortMap(3,xe6d0658a7fa8,3),
macToPortMap(2,x32cc94fc8a61,3),
macToPortMap(3,x8eb243aae73f,3),
macToPortMap(1,xe6d0658a7fa8,1),
macToPortMap(1,x7e89ef9fcfd4,2),
macToPortMap(1,x32d51c89bef0,2),
macToPortMap(2,x32d51c89bef0,3)
}
IDB {
flood(3, xadc60df1)
}
// [Collection time(s)] 1.044157

EDB {
packet_in(1, 2, xadc60dd2, x7e89ef9fcfd4, xffffffffffff, 2054),
macToPortMap(1,xca1d3c13919b,1),
macToPortMap(2,xca1d3c13919b,2),
macToPortMap(3,x32d51c89bef0,2),
macToPortMap(2,x7e89ef9fcfd4,3),
macToPortMap(1,x8eb243aae73f,1),
macToPortMap(2,xe6d0658a7fa8,1),
macToPortMap(3,xca1d3c13919b,3),
macToPortMap(1,x32cc94fc8a61,2),
macToPortMap(2,xca4a82ee1c6b,3),
macToPortMap(3,x7e89ef9fcfd4,1),
macToPortMap(3,x5624b233d63d,3),
macToPortMap(3,xe6d0658a7fa8,3),
macToPortMap(2,x32cc94fc8a61,3),
macToPortMap(3,x8eb243aae73f,3),
macToPortMap(1,xe6d0658a7fa8,1),
macToPortMap(1,x7e89ef9fcfd4,2),
macToPortMap(1,x32d51c89bef0,2),
macToPortMap(2,x32d51c89bef0,3)
}
IDB {
flood(1, xadc60dd2)
}
// [Collection time(s)] 1.061225

EDB {
packet_in(3, 2, xc79dd377, x32d51c89bef0, x7e89ef9fcfd4, 2054),
macToPortMap(1,xca1d3c13919b,1),
macToPortMap(2,xca1d3c13919b,2),
macToPortMap(3,x32d51c89bef0,2),
macToPortMap(2,x7e89ef9fcfd4,3),
macToPortMap(1,x8eb243aae73f,1),
macToPortMap(2,xe6d0658a7fa8,1),
macToPortMap(3,xca1d3c13919b,3),
macToPortMap(1,x32cc94fc8a61,2),
macToPortMap(2,xca4a82ee1c6b,3),
macToPortMap(3,x7e89ef9fcfd4,1),
macToPortMap(3,x5624b233d63d,3),
macToPortMap(3,xe6d0658a7fa8,3),
macToPortMap(2,x32cc94fc8a61,3),
macToPortMap(3,x8eb243aae73f,3),
macToPortMap(1,xe6d0658a7fa8,1),
macToPortMap(1,x7e89ef9fcfd4,2),
macToPortMap(1,x32d51c89bef0,2),
macToPortMap(2,x32d51c89bef0,3)
}
IDB {
flow_mod(3, x7e89ef9fcfd4, x32d51c89bef0, 2),
flow_mod(3, x32d51c89bef0, x7e89ef9fcfd4, 1),
packet_out(3, xc79dd377, 1)
}
// [Collection time(s)] 1.077436

EDB {
packet_in(2, 3, xadc60db3, x7e89ef9fcfd4, xffffffffffff, 2054),
macToPortMap(1,xca1d3c13919b,1),
macToPortMap(2,xca1d3c13919b,2),
macToPortMap(3,x32d51c89bef0,2),
macToPortMap(2,x7e89ef9fcfd4,3),
macToPortMap(1,x8eb243aae73f,1),
macToPortMap(2,xe6d0658a7fa8,1),
macToPortMap(3,xca1d3c13919b,3),
macToPortMap(1,x32cc94fc8a61,2),
macToPortMap(2,xca4a82ee1c6b,3),
macToPortMap(3,x7e89ef9fcfd4,1),
macToPortMap(3,x5624b233d63d,3),
macToPortMap(3,xe6d0658a7fa8,3),
macToPortMap(2,x32cc94fc8a61,3),
macToPortMap(3,x8eb243aae73f,3),
macToPortMap(1,xe6d0658a7fa8,1),
macToPortMap(1,x7e89ef9fcfd4,2),
macToPortMap(1,x32d51c89bef0,2),
macToPortMap(2,x32d51c89bef0,3)
}
IDB {
flood(2, xadc60db3)
}
// [Collection time(s)] 1.096409

