// Trace collected Tue Feb 04 10:22:24 EST 2020
EDB {
packet_in(1, 1, xaa987259, x3e7d99924cef, x0180c200000e, 35020)
}
IDB {
}
// [Collection time(s)] 0.008279

EDB {
packet_in(1, 2, x410f0ecc, x3e72d9fce597, x0180c200000e, 35020)
}
IDB {
}
// [Collection time(s)] 0.025325

EDB {
packet_in(1, 1, x935b4be7, x3e7d99924cef, xffffffffffff, 35138)
}
IDB {
}
// [Collection time(s)] 0.048286

EDB {
packet_in(1, 2, xcf94565a, x3e72d9fce597, xffffffffffff, 35138)
}
IDB {
}
// [Collection time(s)] 0.059302

EDB {
packet_in(2, 3, x1385a24f, x62cb83a6477b, x3333000000fb, 34525)
}
IDB {
}
// [Collection time(s)] 0.099788

EDB {
packet_in(1, 2, xc9c4c307, x3e72d9fce597, x3333000000fb, 34525)
}
IDB {
}
// [Collection time(s)] 0.211576

EDB {
packet_in(3, 3, xcf5ce75e, xde7cd0a13438, x3333000000fb, 34525)
}
IDB {
}
// [Collection time(s)] 0.247741

EDB {
packet_in(1, 1, x4a880e44, x3e7d99924cef, x3333000000fb, 34525)
}
IDB {
}
// [Collection time(s)] 0.431013

EDB {
packet_in_l3(3, 3, xe857d6b3, i0_0_0_0, 255255255255)
}
IDB {
}
// [Collection time(s)] 0.500148

EDB {
packet_in_l3(1, 2, xd66b804a, i0_0_0_0, 255255255255)
}
IDB {
}
// [Collection time(s)] 0.699126

EDB {
packet_in_l3(2, 3, xd66b802b, i0_0_0_0, 255255255255)
}
IDB {
}
// [Collection time(s)] 0.702491

EDB {
packet_in(2, 1, x45a0aa87, xdef76c2c0f5c, xffffffffffff, 2054)
}
IDB {
}
// [Collection time(s)] 0.863100

EDB {
packet_in(1, 1, x45a0aa87, xdef76c2c0f5c, xffffffffffff, 2054)
}
IDB {
packet_out(1, x45a0aa87, 2)
}
// [Collection time(s)] 0.875892

EDB {
packet_in(3, 3, x45a0aa49, xdef76c2c0f5c, xffffffffffff, 2054)
}
IDB {
}
// [Collection time(s)] 0.877150

EDB {
packet_in(3, 2, xf80c87a1, x1a61daa3ee6a, xdef76c2c0f5c, 2054)
}
IDB {
}
// [Collection time(s)] 0.880235

EDB {
packet_in(2, 3, xbc190261, x62cb83a6477b, x3333000000fb, 34525)
}
IDB {
}
// [Collection time(s)] 1.058970

EDB {
packet_in(1, 2, xf80c87a1, x1a61daa3ee6a, xdef76c2c0f5c, 2054)
}
IDB {
packet_out(1, xf80c87a1, 1)
}
// [Collection time(s)] 1.068500

EDB {
packet_in(2, 3, xf80c8782, x1a61daa3ee6a, xdef76c2c0f5c, 2054)
}
IDB {
}
// [Collection time(s)] 1.069440

EDB {
packet_in_l3(2, 1, x93521d67, i10_0_0_1, i10_0_0_4)
}
IDB {
}
// [Collection time(s)] 1.076077

EDB {
packet_in_l3(2, 1, x8580fc46, i10_0_0_1, i10_0_0_4)
}
IDB {
}
// [Collection time(s)] 1.098823

EDB {
packet_in(1, 1, x6ab52d3, x3e7d99924cef, x3333000000fb, 34525)
}
IDB {
}
// [Collection time(s)] 1.104937

EDB {
packet_in_l3(1, 1, x93521d67, i10_0_0_1, i10_0_0_4)
}
IDB {
flow_mod_l3(1, i10_0_0_1, i10_0_0_4, 2),
packet_out(1, x93521d67, 2),
new_trusted(i10_0_0_4)
}
// [Collection time(s)] 1.112405

EDB {
packet_in_l3(1, 1, x8580fc46, i10_0_0_1, i10_0_0_4),
trusted(i10_0_0_4)
}
IDB {
flow_mod_l3(1, i10_0_0_1, i10_0_0_4, 2),
packet_out(1, x8580fc46, 2)
}
// [Collection time(s)] 1.115760

EDB {
packet_in_l3(3, 2, x2c56089, i10_0_0_4, i10_0_0_1),
trusted(i10_0_0_4)
}
IDB {
}
// [Collection time(s)] 1.117286

EDB {
packet_in_l3(3, 2, x64038bc8, i10_0_0_4, i10_0_0_1),
trusted(i10_0_0_4)
}
IDB {
}
// [Collection time(s)] 1.129326

EDB {
packet_in(1, 2, x52f050b8, x3e72d9fce597, x3333000000fb, 34525),
trusted(i10_0_0_4)
}
IDB {
}
// [Collection time(s)] 1.136561

EDB {
packet_in_l3(1, 2, x2c56089, i10_0_0_4, i10_0_0_1),
trusted(i10_0_0_4)
}
IDB {
flow_mod_l3(1, i10_0_0_4, i10_0_0_1, 1)
}
// [Collection time(s)] 1.139353

EDB {
packet_in_l3(1, 2, x64038bc8, i10_0_0_4, i10_0_0_1),
trusted(i10_0_0_4)
}
IDB {
flow_mod_l3(1, i10_0_0_4, i10_0_0_1, 1)
}
// [Collection time(s)] 1.141802

EDB {
packet_in(3, 3, x18764330, xde7cd0a13438, x3333000000fb, 34525),
trusted(i10_0_0_4)
}
IDB {
}
// [Collection time(s)] 1.166397

EDB {
packet_in(1, 1, x7ea9e7f7, x3e7d99924cef, x333300000002, 34525),
trusted(i10_0_0_4)
}
IDB {
}
// [Collection time(s)] 1.334991

EDB {
packet_in(2, 1, xffdec660, xdef76c2c0f5c, x333300000002, 34525),
trusted(i10_0_0_4)
}
IDB {
}
// [Collection time(s)] 1.519487

EDB {
packet_in(1, 1, xffdec660, xdef76c2c0f5c, x333300000002, 34525),
trusted(i10_0_0_4)
}
IDB {
}
// [Collection time(s)] 1.522621

EDB {
packet_in(2, 3, x604d3bb0, x62cb83a6477b, x3333000000fb, 34525),
trusted(i10_0_0_4)
}
IDB {
}
// [Collection time(s)] 1.644161

EDB {
packet_in(1, 1, x1f46a932, x3e7d99924cef, x3333000000fb, 34525),
trusted(i10_0_0_4)
}
IDB {
}
// [Collection time(s)] 1.730827

EDB {
packet_in(2, 2, x834d9738, xde3100c90a6a, x333300000002, 34525),
trusted(i10_0_0_4)
}
IDB {
}
// [Collection time(s)] 1.761415

EDB {
packet_in(1, 2, x815d6106, x3e72d9fce597, x3333000000fb, 34525),
trusted(i10_0_0_4)
}
IDB {
}
// [Collection time(s)] 1.770853

EDB {
packet_in(1, 1, x834d9757, xde3100c90a6a, x333300000002, 34525),
trusted(i10_0_0_4)
}
IDB {
}
// [Collection time(s)] 1.771925

EDB {
packet_in(3, 3, x36f60dd, xde7cd0a13438, x3333000000fb, 34525),
trusted(i10_0_0_4)
}
IDB {
}
// [Collection time(s)] 1.797388

EDB {
packet_in_l3(2, 1, xba2be08, i10_0_0_1, i10_0_0_4),
trusted(i10_0_0_4)
}
IDB {
}
// [Collection time(s)] 1.871364

EDB {
packet_in_l3(3, 3, xba2bdca, i10_0_0_1, i10_0_0_4),
trusted(i10_0_0_4)
}
IDB {
}
// [Collection time(s)] 1.884123

EDB {
packet_in_l3(3, 2, xf9ba7be9, i10_0_0_4, i10_0_0_1),
trusted(i10_0_0_4)
}
IDB {
}
// [Collection time(s)] 1.898609

EDB {
packet_in(2, 3, x69d90cfe, x62cb83a6477b, x333300000002, 34525),
trusted(i10_0_0_4)
}
IDB {
}
// [Collection time(s)] 1.909933

EDB {
packet_in(1, 2, x9a52c364, x3e72d9fce597, x333300000002, 34525),
trusted(i10_0_0_4)
}
IDB {
}
// [Collection time(s)] 2.031382

EDB {
packet_in(3, 3, xdc1f6d4e, xde7cd0a13438, x333300000002, 34525),
trusted(i10_0_0_4)
}
IDB {
}
// [Collection time(s)] 2.056047

EDB {
packet_in(3, 2, xab308906, x1a61daa3ee6a, x333300000002, 34525),
trusted(i10_0_0_4)
}
IDB {
}
// [Collection time(s)] 2.089589

EDB {
packet_in(1, 2, xab308906, x1a61daa3ee6a, x333300000002, 34525),
trusted(i10_0_0_4)
}
IDB {
}
// [Collection time(s)] 2.092187

EDB {
packet_in(3, 1, xa47cc84d, x3e9a24e92e5d, x333300000002, 34525),
trusted(i10_0_0_4)
}
IDB {
}
// [Collection time(s)] 2.111190

EDB {
packet_in(1, 2, xa47cc82e, x3e9a24e92e5d, x333300000002, 34525),
trusted(i10_0_0_4)
}
IDB {
}
// [Collection time(s)] 2.115691

EDB {
packet_in(2, 3, x1385a24f, x62cb83a6477b, x3333000000fb, 34525),
trusted(i10_0_0_4)
}
IDB {
}
// [Collection time(s)] 2.313484

EDB {
packet_in(1, 2, xc9c4c307, x3e72d9fce597, x3333000000fb, 34525),
trusted(i10_0_0_4)
}
IDB {
}
// [Collection time(s)] 2.422841

EDB {
packet_in(3, 3, xcf5ce75e, xde7cd0a13438, x3333000000fb, 34525),
trusted(i10_0_0_4)
}
IDB {
}
// [Collection time(s)] 2.462210

EDB {
packet_in_l3(2, 1, x31865d87, i10_0_0_1, i10_0_0_4),
trusted(i10_0_0_4)
}
IDB {
}
// [Collection time(s)] 2.871202

EDB {
packet_in_l3(3, 3, x31865d49, i10_0_0_1, i10_0_0_4),
trusted(i10_0_0_4)
}
IDB {
}
// [Collection time(s)] 2.890949

EDB {
packet_in_l3(3, 2, xa9cf3908, i10_0_0_4, i10_0_0_1),
trusted(i10_0_0_4)
}
IDB {
}
// [Collection time(s)] 2.903837

EDB {
packet_in(3, 2, x3d62ca35, x1a61daa3ee6a, xffffffffffff, 2054),
trusted(i10_0_0_4)
}
IDB {
}
// [Collection time(s)] 3.879251

EDB {
packet_in(1, 2, x3d62ca35, x1a61daa3ee6a, xffffffffffff, 2054),
trusted(i10_0_0_4)
}
IDB {
packet_out(1, x3d62ca35, 1)
}
// [Collection time(s)] 3.885418

EDB {
packet_in(2, 3, x3d62ca16, x1a61daa3ee6a, xffffffffffff, 2054),
trusted(i10_0_0_4)
}
IDB {
}
// [Collection time(s)] 3.886638

EDB {
packet_in(2, 2, x31eaa0e, xde3100c90a6a, x1a61daa3ee6a, 2054),
trusted(i10_0_0_4)
}
IDB {
}
// [Collection time(s)] 3.888873

EDB {
packet_in(1, 1, x31eaa2d, xde3100c90a6a, x1a61daa3ee6a, 2054),
trusted(i10_0_0_4)
}
IDB {
packet_out(1, x31eaa2d, 2)
}
// [Collection time(s)] 3.899660

EDB {
packet_in(3, 3, x31ea9ef, xde3100c90a6a, x1a61daa3ee6a, 2054),
trusted(i10_0_0_4)
}
IDB {
}
// [Collection time(s)] 3.911449

EDB {
packet_in_l3(3, 2, xd586cade, i10_0_0_4, i10_0_0_2),
trusted(i10_0_0_4)
}
IDB {
}
// [Collection time(s)] 3.935442

EDB {
packet_in_l3(1, 2, xd586cade, i10_0_0_4, i10_0_0_2),
trusted(i10_0_0_4)
}
IDB {
flow_mod_l3(1, i10_0_0_4, i10_0_0_2, 1)
}
// [Collection time(s)] 4.017922

EDB {
packet_in(1, 1, x4a880e44, x3e7d99924cef, x3333000000fb, 34525),
trusted(i10_0_0_4)
}
IDB {
}
// [Collection time(s)] 4.432370

EDB {
packet_in_l3(1, 1, x4ba9585b, i0_0_0_0, 255255255255),
trusted(i10_0_0_4)
}
IDB {
}
// [Collection time(s)] 4.839734

EDB {
packet_in_l3(3, 3, x4ba9581d, i0_0_0_0, 255255255255),
trusted(i10_0_0_4)
}
IDB {
}
// [Collection time(s)] 4.850043

EDB {
packet_in_l3(3, 2, x584a921e, i10_0_0_4, i10_0_0_2),
trusted(i10_0_0_4)
}
IDB {
}
// [Collection time(s)] 4.887681

EDB {
packet_in_l3(2, 2, xb1ff3e3e, i10_0_0_2, i10_0_0_4),
trusted(i10_0_0_4)
}
IDB {
}
// [Collection time(s)] 4.907512

EDB {
packet_in_l3(1, 1, xb1ff3e5d, i10_0_0_2, i10_0_0_4),
trusted(i10_0_0_4)
}
IDB {
flow_mod_l3(1, i10_0_0_2, i10_0_0_4, 2),
packet_out(1, xb1ff3e5d, 2)
}
// [Collection time(s)] 4.929182

EDB {
packet_in(2, 3, xbc190261, x62cb83a6477b, x3333000000fb, 34525),
trusted(i10_0_0_4)
}
IDB {
}
// [Collection time(s)] 5.011541

EDB {
packet_in(1, 2, x52f050b8, x3e72d9fce597, x3333000000fb, 34525),
trusted(i10_0_0_4)
}
IDB {
}
// [Collection time(s)] 5.132310

EDB {
packet_in(3, 3, x18764330, xde7cd0a13438, x3333000000fb, 34525),
trusted(i10_0_0_4)
}
IDB {
}
// [Collection time(s)] 5.168051

EDB {
packet_in(1, 1, x7ea9e7f7, x3e7d99924cef, x333300000002, 34525),
trusted(i10_0_0_4)
}
IDB {
}
// [Collection time(s)] 5.342824

EDB {
packet_in(2, 1, xffdec660, xdef76c2c0f5c, x333300000002, 34525),
trusted(i10_0_0_4)
}
IDB {
}
// [Collection time(s)] 5.543001

EDB {
packet_in(1, 1, xffdec660, xdef76c2c0f5c, x333300000002, 34525),
trusted(i10_0_0_4)
}
IDB {
}
// [Collection time(s)] 5.546331

EDB {
packet_in(2, 2, x834d9738, xde3100c90a6a, x333300000002, 34525),
trusted(i10_0_0_4)
}
IDB {
}
// [Collection time(s)] 5.770109

EDB {
packet_in(1, 1, x834d9757, xde3100c90a6a, x333300000002, 34525),
trusted(i10_0_0_4)
}
IDB {
}
// [Collection time(s)] 5.772389

EDB {
packet_in_l3(3, 2, xc91df9db, i10_0_0_4, i10_0_0_2),
trusted(i10_0_0_4)
}
IDB {
}
// [Collection time(s)] 5.891821

EDB {
packet_in_l3(2, 2, xb917f35d, i10_0_0_2, i10_0_0_4),
trusted(i10_0_0_4)
}
IDB {
}
// [Collection time(s)] 5.908070

EDB {
packet_in(2, 3, x69d90cfe, x62cb83a6477b, x333300000002, 34525),
trusted(i10_0_0_4)
}
IDB {
}
// [Collection time(s)] 5.923732

EDB {
packet_in_l3(3, 3, xb917f33e, i10_0_0_2, i10_0_0_4),
trusted(i10_0_0_4)
}
IDB {
}
// [Collection time(s)] 5.927885

EDB {
packet_in(1, 2, x9a52c364, x3e72d9fce597, x333300000002, 34525),
trusted(i10_0_0_4)
}
IDB {
}
// [Collection time(s)] 6.038756

EDB {
packet_in(3, 3, xdc1f6d4e, xde7cd0a13438, x333300000002, 34525),
trusted(i10_0_0_4)
}
IDB {
}
// [Collection time(s)] 6.062320

EDB {
packet_in(3, 2, xab308906, x1a61daa3ee6a, x333300000002, 34525),
trusted(i10_0_0_4)
}
IDB {
}
// [Collection time(s)] 6.095206

EDB {
packet_in(1, 2, xab308906, x1a61daa3ee6a, x333300000002, 34525),
trusted(i10_0_0_4)
}
IDB {
}
// [Collection time(s)] 6.105861

EDB {
packet_in(3, 1, xa47cc84d, x3e9a24e92e5d, x333300000002, 34525),
trusted(i10_0_0_4)
}
IDB {
}
// [Collection time(s)] 6.121529

EDB {
packet_in(1, 2, xa47cc82e, x3e9a24e92e5d, x333300000002, 34525),
trusted(i10_0_0_4)
}
IDB {
}
// [Collection time(s)] 6.124263

EDB {
packet_in(1, 2, x8a623e5a, x1a61daa3ee6a, xdef76c2c0f5c, 2054),
trusted(i10_0_0_4)
}
IDB {
packet_out(1, x8a623e5a, 1)
}
// [Collection time(s)] 6.134463

EDB {
packet_in(2, 1, x1da4e280, xdef76c2c0f5c, x1a61daa3ee6a, 2054),
trusted(i10_0_0_4)
}
IDB {
}
// [Collection time(s)] 6.135569

EDB {
packet_in(1, 1, x1da4e280, xdef76c2c0f5c, x1a61daa3ee6a, 2054),
trusted(i10_0_0_4)
}
IDB {
packet_out(1, x1da4e280, 2)
}
// [Collection time(s)] 6.159300

EDB {
packet_in_l3(1, 2, xf4db6d0a, i0_0_0_0, 255255255255),
trusted(i10_0_0_4)
}
IDB {
}
// [Collection time(s)] 6.879643

EDB {
packet_in_l3(2, 3, xf4db6ceb, i0_0_0_0, 255255255255),
trusted(i10_0_0_4)
}
IDB {
}
// [Collection time(s)] 6.885761

EDB {
packet_in_l3(3, 2, x2b1477dd, i10_0_0_4, i10_0_0_2),
trusted(i10_0_0_4)
}
IDB {
}
// [Collection time(s)] 6.903535

EDB {
packet_in_l3(2, 2, xc595679d, i10_0_0_2, i10_0_0_4),
trusted(i10_0_0_4)
}
IDB {
}
// [Collection time(s)] 6.912930

EDB {
packet_in_l3(3, 3, xc595677e, i10_0_0_2, i10_0_0_4),
trusted(i10_0_0_4)
}
IDB {
}
// [Collection time(s)] 6.922331

EDB {
packet_in_l3(2, 3, xf10e4a62, i0_0_0_0, 255255255255),
trusted(i10_0_0_4)
}
IDB {
}
// [Collection time(s)] 7.476381

EDB {
packet_in_l3(2, 2, x8d77b8de, i10_0_0_2, i10_0_0_4),
trusted(i10_0_0_4)
}
IDB {
}
// [Collection time(s)] 7.924205

EDB {
packet_in_l3(3, 3, x8d77b8bf, i10_0_0_2, i10_0_0_4),
trusted(i10_0_0_4)
}
IDB {
}
// [Collection time(s)] 7.945634

EDB {
packet_in_l3(3, 2, xc16066fe, i10_0_0_4, i10_0_0_2),
trusted(i10_0_0_4)
}
IDB {
}
// [Collection time(s)] 7.955228

EDB {
packet_in_l3(3, 3, x78d7c0b3, i0_0_0_0, 255255255255),
trusted(i10_0_0_4)
}
IDB {
}
// [Collection time(s)] 8.064025

EDB {
packet_in(1, 2, x410f0ecc, x3e72d9fce597, x0180c200000e, 35020),
trusted(i10_0_0_4)
}
IDB {
}
// [Collection time(s)] 8.155654

EDB {
packet_in(2, 3, x777419d8, x62cb83a6477b, x0180c200000e, 35020),
trusted(i10_0_0_4)
}
IDB {
}
// [Collection time(s)] 8.159584

EDB {
packet_in(3, 3, xc4cd24e4, xde7cd0a13438, x0180c200000e, 35020),
trusted(i10_0_0_4)
}
IDB {
}
// [Collection time(s)] 8.185560

EDB {
packet_in(1, 1, xaa987259, x3e7d99924cef, x0180c200000e, 35020),
trusted(i10_0_0_4)
}
IDB {
}
// [Collection time(s)] 8.194990

EDB {
packet_in(1, 1, xaa98761a, x3e7d99924cef, x0180c200000e, 35020),
trusted(i10_0_0_4)
}
IDB {
}
// [Collection time(s)] 8.196640

EDB {
packet_in(1, 2, x410f128d, x3e72d9fce597, x0180c200000e, 35020),
trusted(i10_0_0_4)
}
IDB {
}
// [Collection time(s)] 8.198961

EDB {
packet_in_l3(2, 2, xd0b4cd1f, i10_0_0_2, i10_0_0_4),
trusted(i10_0_0_4)
}
IDB {
}
// [Collection time(s)] 8.942637

EDB {
packet_in_l3(3, 3, xd0b4cd00, i10_0_0_2, i10_0_0_4),
trusted(i10_0_0_4)
}
IDB {
}
// [Collection time(s)] 8.963672

EDB {
packet_in(1, 1, xb513d7a0, xde3100c90a6a, x1a61daa3ee6a, 2054),
trusted(i10_0_0_4)
}
IDB {
packet_out(1, xb513d7a0, 2)
}
// [Collection time(s)] 9.912872

EDB {
packet_in(3, 2, xcc9be78e, x1a61daa3ee6a, xde3100c90a6a, 2054),
trusted(i10_0_0_4)
}
IDB {
}
// [Collection time(s)] 9.914413

EDB {
packet_in(1, 2, xcc9be78e, x1a61daa3ee6a, xde3100c90a6a, 2054),
trusted(i10_0_0_4)
}
IDB {
packet_out(1, xcc9be78e, 1)
}
// [Collection time(s)] 9.925562

EDB {
packet_in(2, 3, xcc9be76f, x1a61daa3ee6a, xde3100c90a6a, 2054),
trusted(i10_0_0_4)
}
IDB {
}
// [Collection time(s)] 9.935323

EDB {
packet_in_l3(2, 2, xa1f5377e, i10_0_0_2, i10_0_0_4),
trusted(i10_0_0_4)
}
IDB {
}
// [Collection time(s)] 9.955490

EDB {
packet_in_l3(3, 3, xa1f5375f, i10_0_0_2, i10_0_0_4),
trusted(i10_0_0_4)
}
IDB {
}
// [Collection time(s)] 9.964334

EDB {
packet_in(1, 1, xb513d7a0, xde3100c90a6a, x1a61daa3ee6a, 2054),
trusted(i10_0_0_4)
}
IDB {
packet_out(1, xb513d7a0, 2)
}
// [Collection time(s)] 10.905779

EDB {
packet_in(3, 2, xcc9be78e, x1a61daa3ee6a, xde3100c90a6a, 2054),
trusted(i10_0_0_4)
}
IDB {
}
// [Collection time(s)] 10.906834

EDB {
packet_in(1, 2, xcc9be78e, x1a61daa3ee6a, xde3100c90a6a, 2054),
trusted(i10_0_0_4)
}
IDB {
packet_out(1, xcc9be78e, 1)
}
// [Collection time(s)] 10.913477

EDB {
packet_in(2, 3, xcc9be76f, x1a61daa3ee6a, xde3100c90a6a, 2054),
trusted(i10_0_0_4)
}
IDB {
}
// [Collection time(s)] 10.917485

EDB {
packet_in_l3(2, 2, xd82328bd, i10_0_0_2, i10_0_0_4),
trusted(i10_0_0_4)
}
IDB {
}
// [Collection time(s)] 10.958009

EDB {
packet_in_l3(3, 3, xd823289e, i10_0_0_2, i10_0_0_4),
trusted(i10_0_0_4)
}
IDB {
}
// [Collection time(s)] 10.960206

EDB {
packet_in(1, 1, xb513d7a0, xde3100c90a6a, x1a61daa3ee6a, 2054),
trusted(i10_0_0_4)
}
IDB {
packet_out(1, xb513d7a0, 2)
}
// [Collection time(s)] 11.920051

EDB {
packet_in(3, 2, xcc9be78e, x1a61daa3ee6a, xde3100c90a6a, 2054),
trusted(i10_0_0_4)
}
IDB {
}
// [Collection time(s)] 11.932363

EDB {
packet_in(1, 2, xcc9be78e, x1a61daa3ee6a, xde3100c90a6a, 2054),
trusted(i10_0_0_4)
}
IDB {
packet_out(1, xcc9be78e, 1)
}
// [Collection time(s)] 11.943639

EDB {
packet_in(2, 3, xcc9be76f, x1a61daa3ee6a, xde3100c90a6a, 2054),
trusted(i10_0_0_4)
}
IDB {
}
// [Collection time(s)] 11.950558

EDB {
packet_in(3, 1, x8790279b, x3e9a24e92e5d, xffffffffffff, 2054),
trusted(i10_0_0_4)
}
IDB {
}
// [Collection time(s)] 11.971370

EDB {
packet_in(1, 2, x8790277c, x3e9a24e92e5d, xffffffffffff, 2054),
trusted(i10_0_0_4)
}
IDB {
packet_out(1, x8790277c, 1)
}
// [Collection time(s)] 11.983763

EDB {
packet_in(2, 3, x8790275d, x3e9a24e92e5d, xffffffffffff, 2054),
trusted(i10_0_0_4)
}
IDB {
}
// [Collection time(s)] 11.987816

EDB {
packet_in(1, 1, x4a880e44, x3e7d99924cef, x3333000000fb, 34525),
trusted(i10_0_0_4)
}
IDB {
}
// [Collection time(s)] 12.439956

EDB {
packet_in(3, 1, x8790279b, x3e9a24e92e5d, xffffffffffff, 2054),
trusted(i10_0_0_4)
}
IDB {
}
// [Collection time(s)] 12.972909

EDB {
packet_in(1, 2, x8790277c, x3e9a24e92e5d, xffffffffffff, 2054),
trusted(i10_0_0_4)
}
IDB {
packet_out(1, x8790277c, 1)
}
// [Collection time(s)] 12.987338

EDB {
packet_in(2, 3, x8790275d, x3e9a24e92e5d, xffffffffffff, 2054),
trusted(i10_0_0_4)
}
IDB {
}
// [Collection time(s)] 12.991285

EDB {
packet_in(2, 3, xbc190261, x62cb83a6477b, x3333000000fb, 34525),
trusted(i10_0_0_4)
}
IDB {
}
// [Collection time(s)] 13.010570

EDB {
packet_in(1, 2, x52f050b8, x3e72d9fce597, x3333000000fb, 34525),
trusted(i10_0_0_4)
}
IDB {
}
// [Collection time(s)] 13.130472

EDB {
packet_in(3, 3, x18764330, xde7cd0a13438, x3333000000fb, 34525),
trusted(i10_0_0_4)
}
IDB {
}
// [Collection time(s)] 13.164956

EDB {
packet_in_l3(1, 1, xdc29425b, i0_0_0_0, 255255255255),
trusted(i10_0_0_4)
}
IDB {
}
// [Collection time(s)] 13.479277

EDB {
packet_in(3, 1, x8790279b, x3e9a24e92e5d, xffffffffffff, 2054),
trusted(i10_0_0_4)
}
IDB {
}
// [Collection time(s)] 13.967189

EDB {
packet_in(1, 2, x8790277c, x3e9a24e92e5d, xffffffffffff, 2054),
trusted(i10_0_0_4)
}
IDB {
packet_out(1, x8790277c, 1)
}
// [Collection time(s)] 13.982642

EDB {
packet_in(2, 3, x8790275d, x3e9a24e92e5d, xffffffffffff, 2054),
trusted(i10_0_0_4)
}
IDB {
}
// [Collection time(s)] 13.984318

EDB {
packet_in(3, 1, x8790279b, x3e9a24e92e5d, xffffffffffff, 2054),
trusted(i10_0_0_4)
}
IDB {
}
// [Collection time(s)] 14.999352

EDB {
packet_in(1, 2, x8790277c, x3e9a24e92e5d, xffffffffffff, 2054),
trusted(i10_0_0_4)
}
IDB {
packet_out(1, x8790277c, 1)
}
// [Collection time(s)] 15.009027

EDB {
packet_in(2, 3, x8790275d, x3e9a24e92e5d, xffffffffffff, 2054),
trusted(i10_0_0_4)
}
IDB {
}
// [Collection time(s)] 15.010098

EDB {
packet_in(3, 1, x8790279b, x3e9a24e92e5d, xffffffffffff, 2054),
trusted(i10_0_0_4)
}
IDB {
}
// [Collection time(s)] 15.998948

EDB {
packet_in(1, 2, x8790277c, x3e9a24e92e5d, xffffffffffff, 2054),
trusted(i10_0_0_4)
}
IDB {
packet_out(1, x8790277c, 1)
}
// [Collection time(s)] 16.008993

EDB {
packet_in(2, 3, x8790275d, x3e9a24e92e5d, xffffffffffff, 2054),
trusted(i10_0_0_4)
}
IDB {
}
// [Collection time(s)] 16.020078

