// Trace collected Thu Feb 06 02:27:54 EST 2020
EDB {
packet_in(2, 3, xb9dc7565, x6eb1c1ab65eb, x0180c200000e, 35020),
isBroadcast(i255_255_255_255)
}
IDB {
}
// [Collection time(s)] 0.017406

EDB {
packet_in(2, 3, x36a86f3, x6eb1c1ab65eb, xffffffffffff, 35138),
isBroadcast(i255_255_255_255)
}
IDB {
}
// [Collection time(s)] 0.085876

EDB {
packet_in(1, 2, xf59240aa, x0e91ac5543c2, x0180c200000e, 35020),
isBroadcast(i255_255_255_255)
}
IDB {
}
// [Collection time(s)] 0.091988

EDB {
packet_in(1, 1, xefc313da, x5a1f88d2f1a1, x0180c200000e, 35020),
isBroadcast(i255_255_255_255)
}
IDB {
}
// [Collection time(s)] 0.104663

EDB {
packet_in_l3(2, 3, xd28f7a29, i0_0_0_0, i255_255_255_255),
isBroadcast(i255_255_255_255)
}
IDB {
}
// [Collection time(s)] 0.174459

EDB {
packet_in_l3(3, 3, xb2ad509c, i0_0_0_0, i255_255_255_255),
isBroadcast(i255_255_255_255)
}
IDB {
}
// [Collection time(s)] 0.410293

EDB {
packet_in(1, 2, xddf12a38, x0e91ac5543c2, xffffffffffff, 35138),
isBroadcast(i255_255_255_255)
}
IDB {
}
// [Collection time(s)] 0.481132

EDB {
packet_in(1, 1, x131958b9, x5a1f88d2f1a1, x3333000000fb, 34525),
isBroadcast(i255_255_255_255)
}
IDB {
}
// [Collection time(s)] 0.505832

EDB {
packet_in(2, 3, x3e6698a5, x6eb1c1ab65eb, x333300000002, 34525),
isBroadcast(i255_255_255_255)
}
IDB {
}
// [Collection time(s)] 0.507183

EDB {
packet_in(3, 1, xbb4580d1, x32a36e4553aa, xffffffffffff, 2054),
isBroadcast(i255_255_255_255)
}
IDB {
}
// [Collection time(s)] 0.766308

EDB {
packet_in(2, 1, x725be839, x3216463fada3, xffffffffffff, 2054),
isBroadcast(i255_255_255_255)
}
IDB {
}
// [Collection time(s)] 0.786508

EDB {
packet_in(1, 2, xbb45812e, x32a36e4553aa, xffffffffffff, 2054),
isBroadcast(i255_255_255_255)
}
IDB {
packet_out(1, xbb45812e, 1)
}
// [Collection time(s)] 0.859780

EDB {
packet_in(1, 1, x725be839, x3216463fada3, xffffffffffff, 2054),
isBroadcast(i255_255_255_255)
}
IDB {
packet_out(1, x725be839, 2)
}
// [Collection time(s)] 0.878428

EDB {
packet_in(2, 3, xbb45810f, x32a36e4553aa, xffffffffffff, 2054),
isBroadcast(i255_255_255_255)
}
IDB {
}
// [Collection time(s)] 0.880134

EDB {
packet_in(1, 2, xaba4b66a, x0e91ac5543c2, x3333000000fb, 34525),
isBroadcast(i255_255_255_255)
}
IDB {
}
// [Collection time(s)] 0.984895

EDB {
packet_in(3, 3, x725be877, x3216463fada3, xffffffffffff, 2054),
isBroadcast(i255_255_255_255)
}
IDB {
}
// [Collection time(s)] 0.986236

EDB {
packet_in(3, 3, xa2461bee, xdeec03aeae1d, x3333000000fb, 34525),
isBroadcast(i255_255_255_255)
}
IDB {
}
// [Collection time(s)] 1.010158

EDB {
packet_in(2, 2, x637e6dd, x6e16f1420917, x32a36e4553aa, 2054),
isBroadcast(i255_255_255_255)
}
IDB {
}
// [Collection time(s)] 1.056963

EDB {
packet_in(3, 2, x51db4ab, x56a07c89abae, x3216463fada3, 2054),
isBroadcast(i255_255_255_255)
}
IDB {
}
// [Collection time(s)] 1.716596

EDB {
packet_in(1, 1, xab52b850, x5a1f88d2f1a1, x333300000002, 34525),
isBroadcast(i255_255_255_255)
}
IDB {
}
// [Collection time(s)] 1.724399

EDB {
packet_in(1, 1, x637e680, x6e16f1420917, x32a36e4553aa, 2054),
isBroadcast(i255_255_255_255)
}
IDB {
packet_out(1, x637e680, 2)
}
// [Collection time(s)] 1.737512

EDB {
packet_in(1, 2, x51db4ab, x56a07c89abae, x3216463fada3, 2054),
isBroadcast(i255_255_255_255)
}
IDB {
packet_out(1, x51db4ab, 1)
}
// [Collection time(s)] 1.753834

EDB {
packet_in(2, 1, x7ee40a45, x3216463fada3, x333300000002, 34525),
isBroadcast(i255_255_255_255)
}
IDB {
}
// [Collection time(s)] 1.755338

EDB {
packet_in(2, 2, x106e814, x6e16f1420917, x333300000002, 34525),
isBroadcast(i255_255_255_255)
}
IDB {
}
// [Collection time(s)] 1.764858

EDB {
packet_in(2, 3, x51db48c, x56a07c89abae, x3216463fada3, 2054),
isBroadcast(i255_255_255_255)
}
IDB {
}
// [Collection time(s)] 1.768193

EDB {
packet_in(1, 1, x7ee40a45, x3216463fada3, x333300000002, 34525),
isBroadcast(i255_255_255_255)
}
IDB {
}
// [Collection time(s)] 1.803641

EDB {
packet_in(1, 1, x106e7b7, x6e16f1420917, x333300000002, 34525),
isBroadcast(i255_255_255_255)
}
IDB {
}
// [Collection time(s)] 1.804731

EDB {
packet_in(1, 2, x7d0f177c, x0e91ac5543c2, x333300000002, 34525),
isBroadcast(i255_255_255_255)
}
IDB {
}
// [Collection time(s)] 1.843681

EDB {
packet_in_l3(1, 1, x178da9f6, i0_0_0_0, i255_255_255_255),
isBroadcast(i255_255_255_255)
}
IDB {
}
// [Collection time(s)] 1.846592

EDB {
packet_in(2, 1, x725be839, x3216463fada3, xffffffffffff, 2054),
isBroadcast(i255_255_255_255)
}
IDB {
}
// [Collection time(s)] 1.872300

EDB {
packet_in_l3(2, 1, x513eb4f8, i10_0_0_1, i10_0_0_4),
isBroadcast(i255_255_255_255)
}
IDB {
}
// [Collection time(s)] 1.876078

EDB {
packet_in_l3(2, 1, xa360959a, i10_0_0_1, i10_0_0_4),
isBroadcast(i255_255_255_255)
}
IDB {
}
// [Collection time(s)] 1.961510

EDB {
packet_in(3, 1, xbb4580d1, x32a36e4553aa, xffffffffffff, 2054),
isBroadcast(i255_255_255_255)
}
IDB {
}
// [Collection time(s)] 1.988928

EDB {
packet_in(3, 3, x637e6be, x6e16f1420917, x32a36e4553aa, 2054),
isBroadcast(i255_255_255_255)
}
IDB {
}
// [Collection time(s)] 2.006520

EDB {
packet_in(3, 3, xbb5ed159, xdeec03aeae1d, x333300000002, 34525),
isBroadcast(i255_255_255_255)
}
IDB {
}
// [Collection time(s)] 2.056195

EDB {
packet_in_l3(3, 3, x178daa34, i0_0_0_0, i255_255_255_255),
isBroadcast(i255_255_255_255)
}
IDB {
}
// [Collection time(s)] 2.058209

EDB {
packet_in(1, 1, x725be839, x3216463fada3, xffffffffffff, 2054),
isBroadcast(i255_255_255_255)
}
IDB {
packet_out(1, x725be839, 2)
}
// [Collection time(s)] 2.116586

EDB {
packet_in_l3(1, 1, x513eb4f8, i10_0_0_1, i10_0_0_4),
isBroadcast(i255_255_255_255)
}
IDB {
flow_mod_l3(1, i10_0_0_1, i10_0_0_4, 2),
packet_out(1, x513eb4f8, 2),
new_trusted(i10_0_0_4)
}
// [Collection time(s)] 2.125624

EDB {
packet_in_l3(1, 1, xa360959a, i10_0_0_1, i10_0_0_4),
trusted(i10_0_0_4),
isBroadcast(i255_255_255_255)
}
IDB {
flow_mod_l3(1, i10_0_0_1, i10_0_0_4, 2),
packet_out(1, xa360959a, 2)
}
// [Collection time(s)] 2.155355

EDB {
packet_in(1, 2, xbb45812e, x32a36e4553aa, xffffffffffff, 2054),
trusted(i10_0_0_4),
isBroadcast(i255_255_255_255)
}
IDB {
packet_out(1, xbb45812e, 1)
}
// [Collection time(s)] 2.294560

EDB {
packet_in(3, 1, x618654f2, x32a36e4553aa, x333300000002, 34525),
trusted(i10_0_0_4),
isBroadcast(i255_255_255_255)
}
IDB {
}
// [Collection time(s)] 2.316006

EDB {
packet_in_l3(3, 1, x39ff0495, i10_0_0_3, i10_0_0_2),
trusted(i10_0_0_4),
isBroadcast(i255_255_255_255)
}
IDB {
}
// [Collection time(s)] 2.320048

EDB {
packet_in(3, 2, xce766aa, x56a07c89abae, x333300000002, 34525),
trusted(i10_0_0_4),
isBroadcast(i255_255_255_255)
}
IDB {
}
// [Collection time(s)] 2.355484

EDB {
packet_in(3, 3, x725be877, x3216463fada3, xffffffffffff, 2054),
trusted(i10_0_0_4),
isBroadcast(i255_255_255_255)
}
IDB {
}
// [Collection time(s)] 2.416075

EDB {
packet_in_l3(3, 2, x76fee4d6, i10_0_0_4, i10_0_0_1),
trusted(i10_0_0_4),
isBroadcast(i255_255_255_255)
}
IDB {
}
// [Collection time(s)] 2.439275

EDB {
packet_in_l3(3, 2, x20de1677, i10_0_0_4, i10_0_0_1),
trusted(i10_0_0_4),
isBroadcast(i255_255_255_255)
}
IDB {
}
// [Collection time(s)] 2.476065

EDB {
packet_in(2, 3, xbb45810f, x32a36e4553aa, xffffffffffff, 2054),
trusted(i10_0_0_4),
isBroadcast(i255_255_255_255)
}
IDB {
}
// [Collection time(s)] 2.484369

EDB {
packet_in(1, 2, x6186554f, x32a36e4553aa, x333300000002, 34525),
trusted(i10_0_0_4),
isBroadcast(i255_255_255_255)
}
IDB {
}
// [Collection time(s)] 2.523726

EDB {
packet_in_l3(1, 2, x39ff04f2, i10_0_0_3, i10_0_0_2),
trusted(i10_0_0_4),
isBroadcast(i255_255_255_255)
}
IDB {
drop_l3(1, i10_0_0_3, i10_0_0_2)
}
// [Collection time(s)] 2.550582

EDB {
packet_in(1, 2, xce766aa, x56a07c89abae, x333300000002, 34525),
trusted(i10_0_0_4),
isBroadcast(i255_255_255_255)
}
IDB {
}
// [Collection time(s)] 2.574781

EDB {
packet_in(1, 2, x51db4ab, x56a07c89abae, x3216463fada3, 2054),
trusted(i10_0_0_4),
isBroadcast(i255_255_255_255)
}
IDB {
packet_out(1, x51db4ab, 1)
}
// [Collection time(s)] 2.584012

EDB {
packet_in_l3(1, 2, x76fee4d6, i10_0_0_4, i10_0_0_1),
trusted(i10_0_0_4),
isBroadcast(i255_255_255_255)
}
IDB {
flow_mod_l3(1, i10_0_0_4, i10_0_0_1, 1),
packet_out(1, x76fee4d6, 1)
}
// [Collection time(s)] 2.593871

EDB {
packet_in_l3(1, 2, x20de1677, i10_0_0_4, i10_0_0_1),
trusted(i10_0_0_4),
isBroadcast(i255_255_255_255)
}
IDB {
flow_mod_l3(1, i10_0_0_4, i10_0_0_1, 1),
packet_out(1, x20de1677, 1)
}
// [Collection time(s)] 2.624727

EDB {
packet_in(1, 1, x637e680, x6e16f1420917, x32a36e4553aa, 2054),
trusted(i10_0_0_4),
isBroadcast(i255_255_255_255)
}
IDB {
packet_out(1, x637e680, 2)
}
// [Collection time(s)] 2.628106

EDB {
packet_in_l3(2, 1, xb85e879a, i10_0_0_1, i10_0_0_4),
trusted(i10_0_0_4),
isBroadcast(i255_255_255_255)
}
IDB {
}
// [Collection time(s)] 2.805525

EDB {
packet_in_l3(3, 3, xb85e87d8, i10_0_0_1, i10_0_0_4),
trusted(i10_0_0_4),
isBroadcast(i255_255_255_255)
}
IDB {
}
// [Collection time(s)] 2.832389

EDB {
packet_in_l3(3, 2, x23c76b37, i10_0_0_4, i10_0_0_1),
trusted(i10_0_0_4),
isBroadcast(i255_255_255_255)
}
IDB {
}
// [Collection time(s)] 2.853995

EDB {
packet_in_l3(1, 2, x9b7e313f, i0_0_0_0, i255_255_255_255),
trusted(i10_0_0_4),
isBroadcast(i255_255_255_255)
}
IDB {
}
// [Collection time(s)] 3.567596

EDB {
packet_in_l3(2, 3, x9b7e3120, i0_0_0_0, i255_255_255_255),
trusted(i10_0_0_4),
isBroadcast(i255_255_255_255)
}
IDB {
}
// [Collection time(s)] 3.577187

EDB {
packet_in_l3(2, 1, x9f8e5fba, i10_0_0_1, i10_0_0_4),
trusted(i10_0_0_4),
isBroadcast(i255_255_255_255)
}
IDB {
}
// [Collection time(s)] 3.816222

EDB {
packet_in_l3(3, 3, x9f8e5ff8, i10_0_0_1, i10_0_0_4),
trusted(i10_0_0_4),
isBroadcast(i255_255_255_255)
}
IDB {
}
// [Collection time(s)] 3.853458

EDB {
packet_in_l3(3, 2, x24cd0977, i10_0_0_4, i10_0_0_1),
trusted(i10_0_0_4),
isBroadcast(i255_255_255_255)
}
IDB {
}
// [Collection time(s)] 3.932267

EDB {
packet_in(3, 2, x627e2565, x56a07c89abae, xffffffffffff, 2054),
trusted(i10_0_0_4),
isBroadcast(i255_255_255_255)
}
IDB {
}
// [Collection time(s)] 3.984445

EDB {
packet_in(1, 2, x627e2565, x56a07c89abae, xffffffffffff, 2054),
trusted(i10_0_0_4),
isBroadcast(i255_255_255_255)
}
IDB {
packet_out(1, x627e2565, 1)
}
// [Collection time(s)] 4.015968

EDB {
packet_in(2, 3, x627e2546, x56a07c89abae, xffffffffffff, 2054),
trusted(i10_0_0_4),
isBroadcast(i255_255_255_255)
}
IDB {
}
// [Collection time(s)] 4.017499

EDB {
packet_in(2, 2, x5636bdd4, x6e16f1420917, x56a07c89abae, 2054),
trusted(i10_0_0_4),
isBroadcast(i255_255_255_255)
}
IDB {
}
// [Collection time(s)] 4.025022

EDB {
packet_in(1, 1, x5636bd77, x6e16f1420917, x56a07c89abae, 2054),
trusted(i10_0_0_4),
isBroadcast(i255_255_255_255)
}
IDB {
packet_out(1, x5636bd77, 2)
}
// [Collection time(s)] 4.069974

EDB {
packet_in_l3(3, 2, x3166a1ab, i10_0_0_4, i10_0_0_2),
trusted(i10_0_0_4),
isBroadcast(i255_255_255_255)
}
IDB {
}
// [Collection time(s)] 4.080772

EDB {
packet_in_l3(1, 2, x3166a1ab, i10_0_0_4, i10_0_0_2),
trusted(i10_0_0_4),
isBroadcast(i255_255_255_255)
}
IDB {
flow_mod_l3(1, i10_0_0_4, i10_0_0_2, 1),
packet_out(1, x3166a1ab, 1)
}
// [Collection time(s)] 4.094221

EDB {
packet_in_l3(2, 2, x48288d0b, i10_0_0_2, i10_0_0_4),
trusted(i10_0_0_4),
isBroadcast(i255_255_255_255)
}
IDB {
}
// [Collection time(s)] 4.095798

EDB {
packet_in_l3(1, 1, x48288cae, i10_0_0_2, i10_0_0_4),
trusted(i10_0_0_4),
isBroadcast(i255_255_255_255)
}
IDB {
flow_mod_l3(1, i10_0_0_2, i10_0_0_4, 2),
packet_out(1, x48288cae, 2)
}
// [Collection time(s)] 4.164194

EDB {
packet_in_l3(3, 2, xbbbd07ac, i10_0_0_4, i10_0_0_2),
trusted(i10_0_0_4),
isBroadcast(i255_255_255_255)
}
IDB {
}
// [Collection time(s)] 5.016895

EDB {
packet_in_l3(2, 2, xb1c48f4c, i10_0_0_2, i10_0_0_4),
trusted(i10_0_0_4),
isBroadcast(i255_255_255_255)
}
IDB {
}
// [Collection time(s)] 5.028828

EDB {
packet_in_l3(3, 3, xb1c48f2d, i10_0_0_2, i10_0_0_4),
trusted(i10_0_0_4),
isBroadcast(i255_255_255_255)
}
IDB {
}
// [Collection time(s)] 5.043783

EDB {
packet_in_l3(3, 2, x687bcd4a, i10_0_0_4, i10_0_0_2),
trusted(i10_0_0_4),
isBroadcast(i255_255_255_255)
}
IDB {
}
// [Collection time(s)] 6.025105

EDB {
packet_in_l3(2, 2, x116dea8c, i10_0_0_2, i10_0_0_4),
trusted(i10_0_0_4),
isBroadcast(i255_255_255_255)
}
IDB {
}
// [Collection time(s)] 6.076156

EDB {
packet_in_l3(3, 3, x116dea6d, i10_0_0_2, i10_0_0_4),
trusted(i10_0_0_4),
isBroadcast(i255_255_255_255)
}
IDB {
}
// [Collection time(s)] 6.095302

EDB {
packet_in_l3(3, 2, xa59b590a, i10_0_0_4, i10_0_0_2),
trusted(i10_0_0_4),
isBroadcast(i255_255_255_255)
}
IDB {
}
// [Collection time(s)] 7.025093

EDB {
packet_in_l3(2, 2, x9fa0316a, i10_0_0_2, i10_0_0_4),
trusted(i10_0_0_4),
isBroadcast(i255_255_255_255)
}
IDB {
}
// [Collection time(s)] 7.045314

EDB {
packet_in_l3(3, 3, x9fa0314b, i10_0_0_2, i10_0_0_4),
trusted(i10_0_0_4),
isBroadcast(i255_255_255_255)
}
IDB {
}
// [Collection time(s)] 7.064606

EDB {
packet_in_l3(2, 2, xed4a85ac, i10_0_0_2, i10_0_0_4),
trusted(i10_0_0_4),
isBroadcast(i255_255_255_255)
}
IDB {
}
// [Collection time(s)] 7.105448

EDB {
packet_in_l3(3, 3, xed4a858d, i10_0_0_2, i10_0_0_4),
trusted(i10_0_0_4),
isBroadcast(i255_255_255_255)
}
IDB {
}
// [Collection time(s)] 7.111019

EDB {
packet_in_l3(2, 3, xf0ff66e9, i0_0_0_0, i255_255_255_255),
trusted(i10_0_0_4),
isBroadcast(i255_255_255_255)
}
IDB {
}
// [Collection time(s)] 7.125672

EDB {
packet_in_l3(3, 2, xeaad4f4b, i10_0_0_4, i10_0_0_2),
trusted(i10_0_0_4),
isBroadcast(i255_255_255_255)
}
IDB {
}
// [Collection time(s)] 7.127384

EDB {
packet_in(2, 3, x3c210162, x6eb1c1ab65eb, x3333000000fb, 34525),
trusted(i10_0_0_4),
isBroadcast(i255_255_255_255)
}
IDB {
}
// [Collection time(s)] 7.495356

EDB {
packet_in(1, 2, xaad10877, x56a07c89abae, x3216463fada3, 2054),
trusted(i10_0_0_4),
isBroadcast(i255_255_255_255)
}
IDB {
packet_out(1, xaad10877, 1)
}
// [Collection time(s)] 7.858146

EDB {
packet_in(2, 1, x2a60678e, x3216463fada3, x56a07c89abae, 2054),
trusted(i10_0_0_4),
isBroadcast(i255_255_255_255)
}
IDB {
}
// [Collection time(s)] 7.863724

EDB {
packet_in(1, 1, x2a60678e, x3216463fada3, x56a07c89abae, 2054),
trusted(i10_0_0_4),
isBroadcast(i255_255_255_255)
}
IDB {
packet_out(1, x2a60678e, 2)
}
// [Collection time(s)] 7.872482

EDB {
packet_in_l3(2, 2, xee5c852a, i10_0_0_2, i10_0_0_4),
trusted(i10_0_0_4),
isBroadcast(i255_255_255_255)
}
IDB {
}
// [Collection time(s)] 8.113271

EDB {
packet_in_l3(3, 3, xee5c850b, i10_0_0_2, i10_0_0_4),
trusted(i10_0_0_4),
isBroadcast(i255_255_255_255)
}
IDB {
}
// [Collection time(s)] 8.137019

EDB {
packet_in_l3(3, 2, x1ab350cb, i10_0_0_4, i10_0_0_2),
trusted(i10_0_0_4),
isBroadcast(i255_255_255_255)
}
IDB {
}
// [Collection time(s)] 8.140295

EDB {
packet_in(1, 1, x131958b9, x5a1f88d2f1a1, x3333000000fb, 34525),
trusted(i10_0_0_4),
isBroadcast(i255_255_255_255)
}
IDB {
}
// [Collection time(s)] 8.365335

EDB {
packet_in(1, 2, xaba4b66a, x0e91ac5543c2, x3333000000fb, 34525),
trusted(i10_0_0_4),
isBroadcast(i255_255_255_255)
}
IDB {
}
// [Collection time(s)] 8.877377

EDB {
packet_in(3, 3, xa2461bee, xdeec03aeae1d, x3333000000fb, 34525),
trusted(i10_0_0_4),
isBroadcast(i255_255_255_255)
}
IDB {
}
// [Collection time(s)] 8.967204

EDB {
packet_in(1, 1, xae1eab3c, x6e16f1420917, x56a07c89abae, 2054),
trusted(i10_0_0_4),
isBroadcast(i255_255_255_255)
}
IDB {
packet_out(1, xae1eab3c, 2)
}
// [Collection time(s)] 9.114696

EDB {
packet_in_l3(2, 2, xa4a1c2aa, i10_0_0_2, i10_0_0_4),
trusted(i10_0_0_4),
isBroadcast(i255_255_255_255)
}
IDB {
}
// [Collection time(s)] 9.115948

EDB {
packet_in(3, 2, x162a01d4, x56a07c89abae, x6e16f1420917, 2054),
trusted(i10_0_0_4),
isBroadcast(i255_255_255_255)
}
IDB {
}
// [Collection time(s)] 9.132614

EDB {
packet_in_l3(3, 3, xa4a1c28b, i10_0_0_2, i10_0_0_4),
trusted(i10_0_0_4),
isBroadcast(i255_255_255_255)
}
IDB {
}
// [Collection time(s)] 9.137270

EDB {
packet_in(1, 2, x162a01d4, x56a07c89abae, x6e16f1420917, 2054),
trusted(i10_0_0_4),
isBroadcast(i255_255_255_255)
}
IDB {
packet_out(1, x162a01d4, 1)
}
// [Collection time(s)] 9.147958

EDB {
packet_in_l3(3, 2, x3d6fff0c, i10_0_0_4, i10_0_0_2),
trusted(i10_0_0_4),
isBroadcast(i255_255_255_255)
}
IDB {
}
// [Collection time(s)] 9.149056

EDB {
packet_in_l3(1, 1, xa80d93f6, i0_0_0_0, i255_255_255_255),
trusted(i10_0_0_4),
isBroadcast(i255_255_255_255)
}
IDB {
}
// [Collection time(s)] 9.255565

EDB {
packet_in_l3(3, 3, xa80d9434, i0_0_0_0, i255_255_255_255),
trusted(i10_0_0_4),
isBroadcast(i255_255_255_255)
}
IDB {
}
// [Collection time(s)] 9.257424

EDB {
packet_in_l3(2, 2, x3ccceb0a, i10_0_0_2, i10_0_0_4),
trusted(i10_0_0_4),
isBroadcast(i255_255_255_255)
}
IDB {
}
// [Collection time(s)] 10.117403

EDB {
packet_in_l3(3, 3, x3ccceaeb, i10_0_0_2, i10_0_0_4),
trusted(i10_0_0_4),
isBroadcast(i255_255_255_255)
}
IDB {
}
// [Collection time(s)] 10.133444

EDB {
packet_in_l3(3, 2, x90dc3cea, i10_0_0_4, i10_0_0_2),
trusted(i10_0_0_4),
isBroadcast(i255_255_255_255)
}
IDB {
}
// [Collection time(s)] 10.202813

