// Trace collected Thu Feb 06 02:31:45 EST 2020
EDB {
packet_in(1, 2, xb6aa315b, x967dc7803798, x0180c200000e, 35020),
isBroadcast(i255_255_255_255)
}
IDB {
}
// [Collection time(s)] 0.003443

EDB {
packet_in(1, 2, x3db7f0e9, x967dc7803798, xffffffffffff, 35138),
isBroadcast(i255_255_255_255)
}
IDB {
}
// [Collection time(s)] 0.037581

EDB {
packet_in(1, 1, x472014d2, x0e0c354eafe5, x0180c200000e, 35020),
isBroadcast(i255_255_255_255)
}
IDB {
}
// [Collection time(s)] 0.130252

EDB {
packet_in(1, 2, x1110791a, x967dc7803798, x3333000000fb, 34525),
isBroadcast(i255_255_255_255)
}
IDB {
}
// [Collection time(s)] 0.132244

EDB {
packet_in(1, 1, x872cf5b1, x0e0c354eafe5, x3333000000fb, 34525),
isBroadcast(i255_255_255_255)
}
IDB {
}
// [Collection time(s)] 0.134581

EDB {
packet_in(1, 1, xc72fa060, x0e0c354eafe5, xffffffffffff, 35138),
isBroadcast(i255_255_255_255)
}
IDB {
}
// [Collection time(s)] 0.158743

EDB {
packet_in(2, 1, x2a4448d7, x7a20f5bf045a, xffffffffffff, 2054),
isBroadcast(i255_255_255_255)
}
IDB {
}
// [Collection time(s)] 0.465215

EDB {
packet_in(1, 1, x2a4448d7, x7a20f5bf045a, xffffffffffff, 2054),
isBroadcast(i255_255_255_255)
}
IDB {
packet_out(1, x2a4448d7, 2)
}
// [Collection time(s)] 0.622958

EDB {
packet_in(3, 3, x2a444915, x7a20f5bf045a, xffffffffffff, 2054),
isBroadcast(i255_255_255_255)
}
IDB {
}
// [Collection time(s)] 0.624147

EDB {
packet_in(3, 3, xd07be381, x62f2c4940824, x3333000000fb, 34525),
isBroadcast(i255_255_255_255)
}
IDB {
}
// [Collection time(s)] 0.658825

EDB {
packet_in(3, 2, xd88a0827, xc678cbfaebf3, x7a20f5bf045a, 2054),
isBroadcast(i255_255_255_255)
}
IDB {
}
// [Collection time(s)] 0.691689

EDB {
packet_in(3, 3, x6045a732, x62f2c4940824, x3333000000fb, 34525),
isBroadcast(i255_255_255_255)
}
IDB {
}
// [Collection time(s)] 1.285773

EDB {
packet_in(1, 2, x511c0ba, x967dc7803798, x3333000000fb, 34525),
isBroadcast(i255_255_255_255)
}
IDB {
}
// [Collection time(s)] 1.287535

EDB {
packet_in(1, 2, x8fafc8ec, x967dc7803798, x3333000000fb, 34525),
isBroadcast(i255_255_255_255)
}
IDB {
}
// [Collection time(s)] 1.288310

EDB {
packet_in(1, 2, xd88a0827, xc678cbfaebf3, x7a20f5bf045a, 2054),
isBroadcast(i255_255_255_255)
}
IDB {
packet_out(1, xd88a0827, 1)
}
// [Collection time(s)] 1.296257

EDB {
packet_in(2, 3, xa8006650, x8e44e1fb9dd9, x3333000000fb, 34525),
isBroadcast(i255_255_255_255)
}
IDB {
}
// [Collection time(s)] 1.297459

EDB {
packet_in(2, 3, x8ba61442, x8e44e1fb9dd9, x3333000000fb, 34525),
isBroadcast(i255_255_255_255)
}
IDB {
}
// [Collection time(s)] 1.300921

EDB {
packet_in(2, 1, xade4bed0, x7a20f5bf045a, x333300000002, 34525),
isBroadcast(i255_255_255_255)
}
IDB {
}
// [Collection time(s)] 1.306842

EDB {
packet_in(2, 3, xd88a0808, xc678cbfaebf3, x7a20f5bf045a, 2054),
isBroadcast(i255_255_255_255)
}
IDB {
}
// [Collection time(s)] 1.310804

EDB {
packet_in(1, 1, xade4bed0, x7a20f5bf045a, x333300000002, 34525),
isBroadcast(i255_255_255_255)
}
IDB {
}
// [Collection time(s)] 1.323472

EDB {
packet_in_l3(2, 1, x94ca4af3, i10_0_0_1, i10_0_0_4),
isBroadcast(i255_255_255_255)
}
IDB {
}
// [Collection time(s)] 1.352341

EDB {
packet_in(1, 1, x5ea5cc31, x0e0c354eafe5, x3333000000fb, 34525),
isBroadcast(i255_255_255_255)
}
IDB {
}
// [Collection time(s)] 1.400269

EDB {
packet_in_l3(1, 1, x94ca4af3, i10_0_0_1, i10_0_0_4),
isBroadcast(i255_255_255_255)
}
IDB {
flow_mod_l3(1, i10_0_0_1, i10_0_0_4, 2),
packet_out(1, x94ca4af3, 2),
flow_mod_l3(1, i10_0_0_4, i10_0_0_1, 1)
}
// [Collection time(s)] 1.416895

EDB {
packet_in(3, 3, x4a0ce4a1, x62f2c4940824, x3333000000fb, 34525),
isBroadcast(i255_255_255_255)
}
IDB {
}
// [Collection time(s)] 1.417998

EDB {
packet_in_l3(3, 2, xc191edd1, i10_0_0_4, i10_0_0_1),
isBroadcast(i255_255_255_255)
}
IDB {
}
// [Collection time(s)] 1.419512

EDB {
packet_in(1, 1, x59bc8343, x0e0c354eafe5, x3333000000fb, 34525),
isBroadcast(i255_255_255_255)
}
IDB {
}
// [Collection time(s)] 1.462217

EDB {
packet_in_l3(2, 1, x1e291175, i10_0_0_1, i10_0_0_4),
isBroadcast(i255_255_255_255)
}
IDB {
}
// [Collection time(s)] 1.481857

EDB {
packet_in_l3(3, 3, x1e2911b3, i10_0_0_1, i10_0_0_4),
isBroadcast(i255_255_255_255)
}
IDB {
}
// [Collection time(s)] 1.502348

EDB {
packet_in(2, 3, x5055c4d1, x8e44e1fb9dd9, x3333000000fb, 34525),
isBroadcast(i255_255_255_255)
}
IDB {
}
// [Collection time(s)] 1.506382

EDB {
packet_in_l3(3, 2, x69e40812, i10_0_0_4, i10_0_0_1),
isBroadcast(i255_255_255_255)
}
IDB {
}
// [Collection time(s)] 1.523445

EDB {
packet_in(3, 3, xbfc8be46, x62f2c4940824, x333300000002, 34525),
isBroadcast(i255_255_255_255)
}
IDB {
}
// [Collection time(s)] 1.582028

EDB {
packet_in(2, 2, x8695de41, xc63e0bdf23af, x333300000002, 34525),
isBroadcast(i255_255_255_255)
}
IDB {
}
// [Collection time(s)] 1.631420

EDB {
packet_in(1, 1, x8695dde4, xc63e0bdf23af, x333300000002, 34525),
isBroadcast(i255_255_255_255)
}
IDB {
}
// [Collection time(s)] 1.633818

EDB {
packet_in(2, 3, x22d21d35, x8e44e1fb9dd9, x333300000002, 34525),
isBroadcast(i255_255_255_255)
}
IDB {
}
// [Collection time(s)] 1.722254

EDB {
packet_in(3, 1, xe8013fec, x8a78f390cf48, x333300000002, 34525),
isBroadcast(i255_255_255_255)
}
IDB {
}
// [Collection time(s)] 1.739819

EDB {
packet_in(1, 2, xe8014049, x8a78f390cf48, x333300000002, 34525),
isBroadcast(i255_255_255_255)
}
IDB {
}
// [Collection time(s)] 1.742234

EDB {
packet_in(3, 2, xb1644030, xc678cbfaebf3, x333300000002, 34525),
isBroadcast(i255_255_255_255)
}
IDB {
}
// [Collection time(s)] 1.911638

EDB {
packet_in(1, 2, xb1644030, xc678cbfaebf3, x333300000002, 34525),
isBroadcast(i255_255_255_255)
}
IDB {
}
// [Collection time(s)] 1.913393

EDB {
packet_in(1, 2, x1110791a, x967dc7803798, x3333000000fb, 34525),
isBroadcast(i255_255_255_255)
}
IDB {
}
// [Collection time(s)] 1.921913

EDB {
packet_in(1, 1, x872cf5b1, x0e0c354eafe5, x3333000000fb, 34525),
isBroadcast(i255_255_255_255)
}
IDB {
}
// [Collection time(s)] 2.126593

EDB {
packet_in(1, 2, x4736f848, x967dc7803798, x333300000002, 34525),
isBroadcast(i255_255_255_255)
}
IDB {
}
// [Collection time(s)] 2.151907

EDB {
packet_in_l3(2, 3, xd69a0c58, i0_0_0_0, i255_255_255_255),
isBroadcast(i255_255_255_255)
}
IDB {
}
// [Collection time(s)] 2.306179

EDB {
packet_in(1, 1, x396cbfb8, x0e0c354eafe5, x333300000002, 34525),
isBroadcast(i255_255_255_255)
}
IDB {
}
// [Collection time(s)] 2.354296

EDB {
packet_in_l3(2, 1, xc7443974, i10_0_0_1, i10_0_0_4),
isBroadcast(i255_255_255_255)
}
IDB {
}
// [Collection time(s)] 2.483947

EDB {
packet_in_l3(3, 3, xc74439b2, i10_0_0_1, i10_0_0_4),
isBroadcast(i255_255_255_255)
}
IDB {
}
// [Collection time(s)] 2.495265

EDB {
packet_in_l3(3, 2, xddc5ff12, i10_0_0_4, i10_0_0_1),
isBroadcast(i255_255_255_255)
}
IDB {
}
// [Collection time(s)] 2.521224

EDB {
packet_in_l3(1, 2, xbf4de12d, i0_0_0_0, i255_255_255_255),
isBroadcast(i255_255_255_255)
}
IDB {
}
// [Collection time(s)] 2.662524

EDB {
packet_in_l3(2, 3, xbf4de10e, i0_0_0_0, i255_255_255_255),
isBroadcast(i255_255_255_255)
}
IDB {
}
// [Collection time(s)] 2.671450

EDB {
packet_in_l3(2, 1, x85b89e34, i10_0_0_1, i10_0_0_4),
isBroadcast(i255_255_255_255)
}
IDB {
}
// [Collection time(s)] 3.491938

EDB {
packet_in_l3(3, 3, x85b89e72, i10_0_0_1, i10_0_0_4),
isBroadcast(i255_255_255_255)
}
IDB {
}
// [Collection time(s)] 3.498843

EDB {
packet_in_l3(3, 2, xb4601c73, i10_0_0_4, i10_0_0_1),
isBroadcast(i255_255_255_255)
}
IDB {
}
// [Collection time(s)] 3.513727

EDB {
packet_in(3, 2, xc79b86fb, xc678cbfaebf3, xffffffffffff, 2054),
isBroadcast(i255_255_255_255)
}
IDB {
}
// [Collection time(s)] 3.541015

EDB {
packet_in(1, 2, xc79b86fb, xc678cbfaebf3, xffffffffffff, 2054),
isBroadcast(i255_255_255_255)
}
IDB {
packet_out(1, xc79b86fb, 1)
}
// [Collection time(s)] 3.560457

EDB {
packet_in(2, 3, xc79b86dc, xc678cbfaebf3, xffffffffffff, 2054),
isBroadcast(i255_255_255_255)
}
IDB {
}
// [Collection time(s)] 3.574473

EDB {
packet_in(2, 2, x106c428c, xc63e0bdf23af, xc678cbfaebf3, 2054),
isBroadcast(i255_255_255_255)
}
IDB {
}
// [Collection time(s)] 3.576931

EDB {
packet_in(1, 1, x106c422f, xc63e0bdf23af, xc678cbfaebf3, 2054),
isBroadcast(i255_255_255_255)
}
IDB {
packet_out(1, x106c422f, 2)
}
// [Collection time(s)] 3.614787

EDB {
packet_in(3, 3, x106c426d, xc63e0bdf23af, xc678cbfaebf3, 2054),
isBroadcast(i255_255_255_255)
}
IDB {
}
// [Collection time(s)] 3.622800

EDB {
packet_in_l3(3, 2, x4bde1a3, i10_0_0_4, i10_0_0_2),
isBroadcast(i255_255_255_255)
}
IDB {
}
// [Collection time(s)] 3.646243

EDB {
packet_in_l3(1, 2, x4bde1a3, i10_0_0_4, i10_0_0_2),
isBroadcast(i255_255_255_255)
}
IDB {
drop_l3(1, i10_0_0_4, i10_0_0_2)
}
// [Collection time(s)] 3.687432

EDB {
packet_in_l3(3, 2, x74dd27c0, i10_0_0_4, i10_0_0_2),
isBroadcast(i255_255_255_255)
}
IDB {
}
// [Collection time(s)] 4.547504

EDB {
packet_in(3, 3, x6045a732, x62f2c4940824, x3333000000fb, 34525),
isBroadcast(i255_255_255_255)
}
IDB {
}
// [Collection time(s)] 4.691997

EDB {
packet_in(2, 3, x8ba61442, x8e44e1fb9dd9, x3333000000fb, 34525),
isBroadcast(i255_255_255_255)
}
IDB {
}
// [Collection time(s)] 4.824321

EDB {
packet_in_l3(3, 3, x4b6769e8, i0_0_0_0, i255_255_255_255),
isBroadcast(i255_255_255_255)
}
IDB {
}
// [Collection time(s)] 4.979924

EDB {
packet_in(2, 1, xade4bed0, x7a20f5bf045a, x333300000002, 34525),
isBroadcast(i255_255_255_255)
}
IDB {
}
// [Collection time(s)] 5.201832

EDB {
packet_in(1, 1, xade4bed0, x7a20f5bf045a, x333300000002, 34525),
isBroadcast(i255_255_255_255)
}
IDB {
}
// [Collection time(s)] 5.206736

EDB {
packet_in(1, 2, x8fafc8ec, x967dc7803798, x3333000000fb, 34525),
isBroadcast(i255_255_255_255)
}
IDB {
}
// [Collection time(s)] 5.300406

EDB {
packet_in(1, 1, x59bc8343, x0e0c354eafe5, x3333000000fb, 34525),
isBroadcast(i255_255_255_255)
}
IDB {
}
// [Collection time(s)] 5.473694

EDB {
packet_in_l3(3, 2, x463a341, i10_0_0_4, i10_0_0_2),
isBroadcast(i255_255_255_255)
}
IDB {
}
// [Collection time(s)] 5.630492

EDB {
packet_in(3, 3, xbfc8be46, x62f2c4940824, x333300000002, 34525),
isBroadcast(i255_255_255_255)
}
IDB {
}
// [Collection time(s)] 5.653579

EDB {
packet_in(2, 2, x8695de41, xc63e0bdf23af, x333300000002, 34525),
isBroadcast(i255_255_255_255)
}
IDB {
}
// [Collection time(s)] 5.655044

EDB {
packet_in(1, 1, x8695dde4, xc63e0bdf23af, x333300000002, 34525),
isBroadcast(i255_255_255_255)
}
IDB {
}
// [Collection time(s)] 5.661326

EDB {
packet_in(2, 3, x22d21d35, x8e44e1fb9dd9, x333300000002, 34525),
isBroadcast(i255_255_255_255)
}
IDB {
}
// [Collection time(s)] 5.735865

EDB {
packet_in(3, 1, xe8013fec, x8a78f390cf48, x333300000002, 34525),
isBroadcast(i255_255_255_255)
}
IDB {
}
// [Collection time(s)] 5.751746

EDB {
packet_in(1, 2, xe8014049, x8a78f390cf48, x333300000002, 34525),
isBroadcast(i255_255_255_255)
}
IDB {
}
// [Collection time(s)] 5.753503

EDB {
packet_in(3, 2, xb1644030, xc678cbfaebf3, x333300000002, 34525),
isBroadcast(i255_255_255_255)
}
IDB {
}
// [Collection time(s)] 5.922501

EDB {
packet_in(1, 2, xb1644030, xc678cbfaebf3, x333300000002, 34525),
isBroadcast(i255_255_255_255)
}
IDB {
}
// [Collection time(s)] 5.924197

EDB {
packet_in(1, 2, x4736f848, x967dc7803798, x333300000002, 34525),
isBroadcast(i255_255_255_255)
}
IDB {
}
// [Collection time(s)] 6.161613

EDB {
packet_in_l3(2, 3, x9eda0158, i0_0_0_0, i255_255_255_255),
isBroadcast(i255_255_255_255)
}
IDB {
}
// [Collection time(s)] 6.334093

EDB {
packet_in(1, 1, x396cbfb8, x0e0c354eafe5, x333300000002, 34525),
isBroadcast(i255_255_255_255)
}
IDB {
}
// [Collection time(s)] 6.359832

EDB {
packet_in(1, 2, xb1bd9d00, xc678cbfaebf3, x7a20f5bf045a, 2054),
isBroadcast(i255_255_255_255)
}
IDB {
packet_out(1, xb1bd9d00, 1)
}
// [Collection time(s)] 6.423275

EDB {
packet_in(2, 1, x277c990a, x7a20f5bf045a, xc678cbfaebf3, 2054),
isBroadcast(i255_255_255_255)
}
IDB {
}
// [Collection time(s)] 6.424149

EDB {
packet_in(1, 1, x277c990a, x7a20f5bf045a, xc678cbfaebf3, 2054),
isBroadcast(i255_255_255_255)
}
IDB {
packet_out(1, x277c990a, 2)
}
// [Collection time(s)] 6.464406

EDB {
packet_in_l3(3, 2, x5237a2a2, i10_0_0_4, i10_0_0_2),
isBroadcast(i255_255_255_255)
}
IDB {
}
// [Collection time(s)] 6.565173

EDB {
packet_in_l3(1, 1, x3794c79d, i0_0_0_0, i255_255_255_255),
isBroadcast(i255_255_255_255)
}
IDB {
}
// [Collection time(s)] 7.302244

EDB {
packet_in_l3(3, 3, x3794c7db, i0_0_0_0, i255_255_255_255),
isBroadcast(i255_255_255_255)
}
IDB {
}
// [Collection time(s)] 7.314760

EDB {
packet_in_l3(2, 2, xaa77cf82, i10_0_0_2, i10_0_0_4),
isBroadcast(i255_255_255_255)
}
IDB {
}
// [Collection time(s)] 7.582807

EDB {
packet_in_l3(1, 1, xaa77cf25, i10_0_0_2, i10_0_0_4),
isBroadcast(i255_255_255_255)
}
IDB {
flow_mod_l3(1, i10_0_0_2, i10_0_0_4, 2),
packet_out(1, xaa77cf25, 2),
flow_mod_l3(1, i10_0_0_4, i10_0_0_2, 1)
}
// [Collection time(s)] 7.635416

EDB {
packet_in_l3(3, 2, x54f32063, i10_0_0_4, i10_0_0_2),
isBroadcast(i255_255_255_255)
}
IDB {
}
// [Collection time(s)] 7.670539

EDB {
packet_in_l3(2, 2, x89f8c43, i10_0_0_2, i10_0_0_4),
isBroadcast(i255_255_255_255)
}
IDB {
}
// [Collection time(s)] 8.602338

EDB {
packet_in_l3(3, 3, x89f8c24, i10_0_0_2, i10_0_0_4),
isBroadcast(i255_255_255_255)
}
IDB {
}
// [Collection time(s)] 8.623366

EDB {
packet_in_l3(3, 2, x742c5162, i10_0_0_4, i10_0_0_2),
isBroadcast(i255_255_255_255)
}
IDB {
}
// [Collection time(s)] 8.633072

EDB {
packet_in_l3(2, 2, xc5d42e83, i10_0_0_2, i10_0_0_4),
isBroadcast(i255_255_255_255)
}
IDB {
}
// [Collection time(s)] 9.615923

EDB {
packet_in_l3(3, 3, xc5d42e64, i10_0_0_2, i10_0_0_4),
isBroadcast(i255_255_255_255)
}
IDB {
}
// [Collection time(s)] 9.634491

EDB {
packet_in_l3(3, 2, xfc9c5da2, i10_0_0_4, i10_0_0_2),
isBroadcast(i255_255_255_255)
}
IDB {
}
// [Collection time(s)] 9.637787

EDB {
packet_in(1, 2, xb6aa315b, x967dc7803798, x0180c200000e, 35020),
isBroadcast(i255_255_255_255)
}
IDB {
}
// [Collection time(s)] 9.687550

EDB {
packet_in(1, 2, x3db7f0e9, x967dc7803798, xffffffffffff, 35138),
isBroadcast(i255_255_255_255)
}
IDB {
}
// [Collection time(s)] 9.688247

EDB {
packet_in(1, 1, x472014d2, x0e0c354eafe5, x0180c200000e, 35020),
isBroadcast(i255_255_255_255)
}
IDB {
}
// [Collection time(s)] 9.688888

EDB {
packet_in(1, 1, xc72fa060, x0e0c354eafe5, xffffffffffff, 35138),
isBroadcast(i255_255_255_255)
}
IDB {
}
// [Collection time(s)] 9.689543

EDB {
packet_in(3, 3, x96234fc2, x62f2c4940824, x0180c200000e, 35020),
isBroadcast(i255_255_255_255)
}
IDB {
}
// [Collection time(s)] 9.691294

EDB {
packet_in(3, 3, x8d1c5a50, x62f2c4940824, xffffffffffff, 35138),
isBroadcast(i255_255_255_255)
}
IDB {
}
// [Collection time(s)] 9.720103

EDB {
packet_in(2, 3, xe5ee9dd3, x8e44e1fb9dd9, x0180c200000e, 35020),
isBroadcast(i255_255_255_255)
}
IDB {
}
// [Collection time(s)] 9.722252

EDB {
packet_in(2, 3, x5e8a7861, x8e44e1fb9dd9, xffffffffffff, 35138),
isBroadcast(i255_255_255_255)
}
IDB {
}
// [Collection time(s)] 9.725282

EDB {
packet_in(1, 2, xb6aa351c, x967dc7803798, x0180c200000e, 35020),
isBroadcast(i255_255_255_255)
}
IDB {
}
// [Collection time(s)] 9.731916

EDB {
packet_in(1, 1, x47201893, x0e0c354eafe5, x0180c200000e, 35020),
isBroadcast(i255_255_255_255)
}
IDB {
}
// [Collection time(s)] 9.732593

EDB {
packet_in_l3(1, 2, x4fcdcb2d, i0_0_0_0, i255_255_255_255),
isBroadcast(i255_255_255_255)
}
IDB {
}
// [Collection time(s)] 10.222870

EDB {
packet_in_l3(2, 3, x4fcdcb0e, i0_0_0_0, i255_255_255_255),
isBroadcast(i255_255_255_255)
}
IDB {
}
// [Collection time(s)] 10.224579

EDB {
packet_in_l3(2, 2, x6d9f1ee2, i10_0_0_2, i10_0_0_4),
isBroadcast(i255_255_255_255)
}
IDB {
}
// [Collection time(s)] 10.619660

EDB {
packet_in_l3(3, 3, x6d9f1ec3, i10_0_0_2, i10_0_0_4),
isBroadcast(i255_255_255_255)
}
IDB {
}
// [Collection time(s)] 10.666235

EDB {
packet_in_l3(3, 2, x5c16d2a2, i10_0_0_4, i10_0_0_2),
isBroadcast(i255_255_255_255)
}
IDB {
}
// [Collection time(s)] 10.681939

