// Trace collected Wed Feb 05 03:55:36 EST 2020
EDB {
packet_in(2, 3, xe9cb687c, xa2ce9bdf7b1b, x0180c200000e, 35020)
}
IDB {
}
// [Collection time(s)] 0.003465

EDB {
packet_in(3, 3, x152dd8b2, x1e970e411cc9, x0180c200000e, 35020)
}
IDB {
}
// [Collection time(s)] 0.016860

EDB {
packet_in(3, 3, x9b5f46c, x1e970e411cc9, x3333000000fb, 34525)
}
IDB {
}
// [Collection time(s)] 0.026530

EDB {
packet_in(1, 1, xfed0681e, x823532d04fc9, x0180c200000e, 35020)
}
IDB {
}
// [Collection time(s)] 0.072949

EDB {
packet_in(1, 2, x6169740, x9276ce1b6f46, x3333000000fb, 34525)
}
IDB {
}
// [Collection time(s)] 0.073711

EDB {
packet_in(1, 2, x238222d1, x9276ce1b6f46, xffffffffffff, 35138)
}
IDB {
}
// [Collection time(s)] 0.074586

EDB {
packet_in(1, 2, x94657004, x9276ce1b6f46, x0180c200000e, 35020)
}
IDB {
}
// [Collection time(s)] 0.075389

EDB {
packet_in(3, 3, xe8987040, x1e970e411cc9, xffffffffffff, 35138)
}
IDB {
}
// [Collection time(s)] 0.076351

EDB {
packet_in(1, 1, xb6a58d7, x823532d04fc9, xffffffffffff, 2048)
}
IDB {
flow_mod(1, x823532d04fc9, xffffffffffff, 2),
packet_out(1, xb6a58d7, 2),
new_trusted(xffffffffffff)
}
// [Collection time(s)] 0.470048

EDB {
packet_in(3, 3, x4eab0847, x1e970e411cc9, xffffffffffff, 2048),
trusted(xffffffffffff)
}
IDB {
}
// [Collection time(s)] 0.471885

EDB {
packet_in(3, 3, xb6a5899, x823532d04fc9, xffffffffffff, 2048),
trusted(xffffffffffff)
}
IDB {
}
// [Collection time(s)] 0.489352

EDB {
packet_in(1, 2, xadd00736, x9276ce1b6f46, xffffffffffff, 2048),
trusted(xffffffffffff)
}
IDB {
}
// [Collection time(s)] 0.598333

EDB {
packet_in(3, 3, x41bc4902, x1e970e411cc9, x3333000000fb, 34525),
trusted(xffffffffffff)
}
IDB {
}
// [Collection time(s)] 0.685748

EDB {
packet_in(2, 1, x8d432a17, x1e77312724ed, xffffffffffff, 2054),
trusted(xffffffffffff)
}
IDB {
}
// [Collection time(s)] 0.712117

EDB {
packet_in(1, 1, x8d432a17, x1e77312724ed, xffffffffffff, 2054),
trusted(xffffffffffff)
}
IDB {
packet_out(1, x8d432a17, 2)
}
// [Collection time(s)] 0.719926

EDB {
packet_in(3, 3, x8d4329d9, x1e77312724ed, xffffffffffff, 2054),
trusted(xffffffffffff)
}
IDB {
}
// [Collection time(s)] 0.721105

EDB {
packet_in(1, 2, x64a73998, x9276ce1b6f46, x3333000000fb, 34525),
trusted(xffffffffffff)
}
IDB {
}
// [Collection time(s)] 0.725239

EDB {
packet_in(3, 2, xaca7049f, x1ac949509501, x1e77312724ed, 2054),
trusted(xffffffffffff)
}
IDB {
}
// [Collection time(s)] 0.726433

EDB {
packet_in(1, 2, xaca7049f, x1ac949509501, x1e77312724ed, 2054),
trusted(xffffffffffff)
}
IDB {
packet_out(1, xaca7049f, 1)
}
// [Collection time(s)] 0.742425

EDB {
packet_in(2, 3, xaca704be, x1ac949509501, x1e77312724ed, 2054),
trusted(xffffffffffff)
}
IDB {
}
// [Collection time(s)] 0.743636

EDB {
packet_in(2, 3, xd47e9ffd, xa2ce9bdf7b1b, x3333000000fb, 34525),
trusted(xffffffffffff)
}
IDB {
}
// [Collection time(s)] 0.935747

EDB {
packet_in(1, 1, x9a9ed4c0, x823532d04fc9, x3333000000fb, 34525),
trusted(xffffffffffff)
}
IDB {
}
// [Collection time(s)] 1.104116

EDB {
packet_in(2, 3, x5f48a3ad, xa2ce9bdf7b1b, x3333000000fb, 34525),
trusted(xffffffffffff)
}
IDB {
}
// [Collection time(s)] 1.134628

EDB {
packet_in(1, 1, xd6164090, x823532d04fc9, x3333000000fb, 34525),
trusted(xffffffffffff)
}
IDB {
}
// [Collection time(s)] 1.302855

EDB {
packet_in(2, 1, x8d432a17, x1e77312724ed, xffffffffffff, 2054),
trusted(xffffffffffff)
}
IDB {
}
// [Collection time(s)] 1.710152

EDB {
packet_in(1, 1, x8d432a17, x1e77312724ed, xffffffffffff, 2054),
trusted(xffffffffffff)
}
IDB {
packet_out(1, x8d432a17, 2)
}
// [Collection time(s)] 1.716315

EDB {
packet_in(3, 3, x8d4329d9, x1e77312724ed, xffffffffffff, 2054),
trusted(xffffffffffff)
}
IDB {
}
// [Collection time(s)] 1.717988

EDB {
packet_in(1, 2, xaca7049f, x1ac949509501, x1e77312724ed, 2054),
trusted(xffffffffffff)
}
IDB {
packet_out(1, xaca7049f, 1)
}
// [Collection time(s)] 1.723130

EDB {
packet_in(2, 3, xaca704be, x1ac949509501, x1e77312724ed, 2054),
trusted(xffffffffffff)
}
IDB {
}
// [Collection time(s)] 1.725160

EDB {
packet_in(2, 3, x220b3379, xa2ce9bdf7b1b, x333300000002, 34525),
trusted(xffffffffffff)
}
IDB {
}
// [Collection time(s)] 1.837968

EDB {
packet_in(2, 3, x437e884c, xa2ce9bdf7b1b, x3333000000fb, 34525),
trusted(xffffffffffff)
}
IDB {
}
// [Collection time(s)] 1.845358

EDB {
packet_in(3, 3, xde2aff74, x1e970e411cc9, x3333000000fb, 34525),
trusted(xffffffffffff)
}
IDB {
}
// [Collection time(s)] 1.883129

EDB {
packet_in(1, 2, xc0334007, x9276ce1b6f46, x3333000000fb, 34525),
trusted(xffffffffffff)
}
IDB {
}
// [Collection time(s)] 1.904167

EDB {
packet_in(2, 1, x3b4d600, x1e77312724ed, x333300000002, 34525),
trusted(xffffffffffff)
}
IDB {
}
// [Collection time(s)] 1.949844

EDB {
packet_in(1, 1, x3b4d600, x1e77312724ed, x333300000002, 34525),
trusted(xffffffffffff)
}
IDB {
}
// [Collection time(s)] 1.954569

EDB {
packet_in(1, 1, x175b6593, x823532d04fc9, x333300000002, 34525),
trusted(xffffffffffff)
}
IDB {
}
// [Collection time(s)] 2.006097

EDB {
packet_in(1, 1, xa7d7646f, x823532d04fc9, x3333000000fb, 34525),
trusted(xffffffffffff)
}
IDB {
}
// [Collection time(s)] 2.014391

EDB {
packet_in(3, 3, x3e2f6204, x1e970e411cc9, x3333000000fb, 34525),
trusted(xffffffffffff)
}
IDB {
}
// [Collection time(s)] 2.064621

EDB {
packet_in(1, 2, x246c9596, x9276ce1b6f46, x3333000000fb, 34525),
trusted(xffffffffffff)
}
IDB {
}
// [Collection time(s)] 2.094179

EDB {
packet_in(3, 2, xbbf9940c, x1ac949509501, x333300000002, 34525),
trusted(xffffffffffff)
}
IDB {
}
// [Collection time(s)] 2.485400

EDB {
packet_in(1, 2, xbbf9940c, x1ac949509501, x333300000002, 34525),
trusted(xffffffffffff)
}
IDB {
}
// [Collection time(s)] 2.488625

EDB {
packet_in(2, 1, x8d432a17, x1e77312724ed, xffffffffffff, 2054),
trusted(xffffffffffff)
}
IDB {
}
// [Collection time(s)] 2.709469

EDB {
packet_in(1, 1, x8d432a17, x1e77312724ed, xffffffffffff, 2054),
trusted(xffffffffffff)
}
IDB {
packet_out(1, x8d432a17, 2)
}
// [Collection time(s)] 2.713955

EDB {
packet_in(3, 3, x8d4329d9, x1e77312724ed, xffffffffffff, 2054),
trusted(xffffffffffff)
}
IDB {
}
// [Collection time(s)] 2.715724

EDB {
packet_in(1, 2, xaca7049f, x1ac949509501, x1e77312724ed, 2054),
trusted(xffffffffffff)
}
IDB {
packet_out(1, xaca7049f, 1)
}
// [Collection time(s)] 2.720617

EDB {
packet_in(2, 3, xaca704be, x1ac949509501, x1e77312724ed, 2054),
trusted(xffffffffffff)
}
IDB {
}
// [Collection time(s)] 2.722471

EDB {
packet_in(2, 2, x922362f6, xcec290bb028f, x333300000002, 34525),
trusted(xffffffffffff)
}
IDB {
}
// [Collection time(s)] 2.733135

EDB {
packet_in(1, 1, x92236353, xcec290bb028f, x333300000002, 34525),
trusted(xffffffffffff)
}
IDB {
}
// [Collection time(s)] 2.736239

EDB {
packet_in(3, 3, x41bc4902, x1e970e411cc9, x3333000000fb, 34525),
trusted(xffffffffffff)
}
IDB {
}
// [Collection time(s)] 2.765488

EDB {
packet_in(3, 3, xa320e144, x1e970e411cc9, x333300000002, 34525),
trusted(xffffffffffff)
}
IDB {
}
// [Collection time(s)] 2.785622

EDB {
packet_in(1, 2, x64a73998, x9276ce1b6f46, x3333000000fb, 34525),
trusted(xffffffffffff)
}
IDB {
}
// [Collection time(s)] 2.797485

EDB {
packet_in(1, 2, xcc6034ef, x9276ce1b6f46, x333300000002, 34525),
trusted(xffffffffffff)
}
IDB {
}
// [Collection time(s)] 2.805201

EDB {
packet_in(3, 1, x19093199, xd6d6a701120c, x333300000002, 34525),
trusted(xffffffffffff)
}
IDB {
}
// [Collection time(s)] 2.886209

EDB {
packet_in(1, 2, x1909313c, xd6d6a701120c, x333300000002, 34525),
trusted(xffffffffffff)
}
IDB {
}
// [Collection time(s)] 2.889726

EDB {
packet_in(1, 2, x3fffef6, x9276ce1b6f46, xffffffffffff, 2048),
trusted(xffffffffffff)
}
IDB {
}
// [Collection time(s)] 2.934883

EDB {
packet_in(2, 1, x8d432a17, x1e77312724ed, xffffffffffff, 2054),
trusted(xffffffffffff)
}
IDB {
}
// [Collection time(s)] 3.717462

EDB {
packet_in(1, 1, x8d432a17, x1e77312724ed, xffffffffffff, 2054),
trusted(xffffffffffff)
}
IDB {
packet_out(1, x8d432a17, 2)
}
// [Collection time(s)] 3.722565

EDB {
packet_in(3, 3, x8d4329d9, x1e77312724ed, xffffffffffff, 2054),
trusted(xffffffffffff)
}
IDB {
}
// [Collection time(s)] 3.724193

EDB {
packet_in(1, 2, xaca7049f, x1ac949509501, x1e77312724ed, 2054),
trusted(xffffffffffff)
}
IDB {
packet_out(1, xaca7049f, 1)
}
// [Collection time(s)] 3.729412

EDB {
packet_in(2, 3, xaca704be, x1ac949509501, x1e77312724ed, 2054),
trusted(xffffffffffff)
}
IDB {
}
// [Collection time(s)] 3.730701

EDB {
packet_in(2, 1, x8d432a17, x1e77312724ed, xffffffffffff, 2054),
trusted(xffffffffffff)
}
IDB {
}
// [Collection time(s)] 4.713260

EDB {
packet_in(1, 1, x8d432a17, x1e77312724ed, xffffffffffff, 2054),
trusted(xffffffffffff)
}
IDB {
packet_out(1, x8d432a17, 2)
}
// [Collection time(s)] 4.725876

EDB {
packet_in(3, 3, x8d4329d9, x1e77312724ed, xffffffffffff, 2054),
trusted(xffffffffffff)
}
IDB {
}
// [Collection time(s)] 4.727124

EDB {
packet_in(1, 2, xaca7049f, x1ac949509501, x1e77312724ed, 2054),
trusted(xffffffffffff)
}
IDB {
packet_out(1, xaca7049f, 1)
}
// [Collection time(s)] 4.733720

EDB {
packet_in(2, 3, xaca704be, x1ac949509501, x1e77312724ed, 2054),
trusted(xffffffffffff)
}
IDB {
}
// [Collection time(s)] 4.734823

EDB {
packet_in(3, 2, xfa9ad5cf, x1ac949509501, xffffffffffff, 2054),
trusted(xffffffffffff)
}
IDB {
}
// [Collection time(s)] 4.738038

EDB {
packet_in(1, 2, xfa9ad5cf, x1ac949509501, xffffffffffff, 2054),
trusted(xffffffffffff)
}
IDB {
packet_out(1, xfa9ad5cf, 1)
}
// [Collection time(s)] 4.741495

EDB {
packet_in(2, 3, xfa9ad5ee, x1ac949509501, xffffffffffff, 2054),
trusted(xffffffffffff)
}
IDB {
}
// [Collection time(s)] 4.748253

EDB {
packet_in(3, 3, xd3aa4d99, x823532d04fc9, xffffffffffff, 2048),
trusted(xffffffffffff)
}
IDB {
}
// [Collection time(s)] 4.846896

EDB {
packet_in(2, 3, xd47e9ffd, xa2ce9bdf7b1b, x3333000000fb, 34525),
trusted(xffffffffffff)
}
IDB {
}
// [Collection time(s)] 4.936851

EDB {
packet_in(1, 1, x9a9ed4c0, x823532d04fc9, x3333000000fb, 34525),
trusted(xffffffffffff)
}
IDB {
}
// [Collection time(s)] 5.106822

EDB {
packet_in(2, 3, x8cbedfd, xa2ce9bdf7b1b, xffffffffffff, 2048),
trusted(xffffffffffff)
}
IDB {
}
// [Collection time(s)] 5.151690

EDB {
packet_in(2, 1, x8d432a17, x1e77312724ed, xffffffffffff, 2054),
trusted(xffffffffffff)
}
IDB {
}
// [Collection time(s)] 5.713367

EDB {
packet_in(1, 1, x8d432a17, x1e77312724ed, xffffffffffff, 2054),
trusted(xffffffffffff)
}
IDB {
packet_out(1, x8d432a17, 2)
}
// [Collection time(s)] 5.717750

EDB {
packet_in(3, 3, x8d4329d9, x1e77312724ed, xffffffffffff, 2054),
trusted(xffffffffffff)
}
IDB {
}
// [Collection time(s)] 5.720511

EDB {
packet_in(1, 2, xaca7049f, x1ac949509501, x1e77312724ed, 2054),
trusted(xffffffffffff)
}
IDB {
packet_out(1, xaca7049f, 1)
}
// [Collection time(s)] 5.723828

EDB {
packet_in(2, 3, xaca704be, x1ac949509501, x1e77312724ed, 2054),
trusted(xffffffffffff)
}
IDB {
}
// [Collection time(s)] 5.724986

EDB {
packet_in(3, 2, xfa9ad5cf, x1ac949509501, xffffffffffff, 2054),
trusted(xffffffffffff)
}
IDB {
}
// [Collection time(s)] 5.733086

EDB {
packet_in(1, 2, xfa9ad5cf, x1ac949509501, xffffffffffff, 2054),
trusted(xffffffffffff)
}
IDB {
packet_out(1, xfa9ad5cf, 1)
}
// [Collection time(s)] 5.736944

EDB {
packet_in(2, 3, xfa9ad5ee, x1ac949509501, xffffffffffff, 2054),
trusted(xffffffffffff)
}
IDB {
}
// [Collection time(s)] 5.738128

EDB {
packet_in(2, 3, x220b3379, xa2ce9bdf7b1b, x333300000002, 34525),
trusted(xffffffffffff)
}
IDB {
}
// [Collection time(s)] 5.845747

EDB {
packet_in(3, 3, xde2aff74, x1e970e411cc9, x3333000000fb, 34525),
trusted(xffffffffffff)
}
IDB {
}
// [Collection time(s)] 5.883127

EDB {
packet_in(1, 2, xc0334007, x9276ce1b6f46, x3333000000fb, 34525),
trusted(xffffffffffff)
}
IDB {
}
// [Collection time(s)] 5.903166

EDB {
packet_in(2, 1, x3b4d600, x1e77312724ed, x333300000002, 34525),
trusted(xffffffffffff)
}
IDB {
}
// [Collection time(s)] 5.960190

EDB {
packet_in(1, 1, x3b4d600, x1e77312724ed, x333300000002, 34525),
trusted(xffffffffffff)
}
IDB {
}
// [Collection time(s)] 5.962632

EDB {
packet_in(1, 1, x175b6593, x823532d04fc9, x333300000002, 34525),
trusted(xffffffffffff)
}
IDB {
}
// [Collection time(s)] 6.013734

EDB {
packet_in(3, 2, xbbf9940c, x1ac949509501, x333300000002, 34525),
trusted(xffffffffffff)
}
IDB {
}
// [Collection time(s)] 6.493779

EDB {
packet_in(1, 2, xbbf9940c, x1ac949509501, x333300000002, 34525),
trusted(xffffffffffff)
}
IDB {
}
// [Collection time(s)] 6.498711

EDB {
packet_in(3, 3, xfb0af7c7, x1e970e411cc9, xffffffffffff, 2048),
trusted(xffffffffffff)
}
IDB {
}
// [Collection time(s)] 6.590804

EDB {
packet_in(3, 2, xfa9ad5cf, x1ac949509501, xffffffffffff, 2054),
trusted(xffffffffffff)
}
IDB {
}
// [Collection time(s)] 6.733707

EDB {
packet_in(1, 2, xfa9ad5cf, x1ac949509501, xffffffffffff, 2054),
trusted(xffffffffffff)
}
IDB {
packet_out(1, xfa9ad5cf, 1)
}
// [Collection time(s)] 6.738509

EDB {
packet_in(2, 3, xfa9ad5ee, x1ac949509501, xffffffffffff, 2054),
trusted(xffffffffffff)
}
IDB {
}
// [Collection time(s)] 6.740630

EDB {
packet_in(2, 2, x922362f6, xcec290bb028f, x333300000002, 34525),
trusted(xffffffffffff)
}
IDB {
}
// [Collection time(s)] 6.741776

EDB {
packet_in(1, 1, x92236353, xcec290bb028f, x333300000002, 34525),
trusted(xffffffffffff)
}
IDB {
}
// [Collection time(s)] 6.743564

EDB {
packet_in(3, 3, xa320e144, x1e970e411cc9, x333300000002, 34525),
trusted(xffffffffffff)
}
IDB {
}
// [Collection time(s)] 6.800353

EDB {
packet_in(1, 2, xcc6034ef, x9276ce1b6f46, x333300000002, 34525),
trusted(xffffffffffff)
}
IDB {
}
// [Collection time(s)] 6.812959

EDB {
packet_in(3, 1, x19093199, xd6d6a701120c, x333300000002, 34525),
trusted(xffffffffffff)
}
IDB {
}
// [Collection time(s)] 6.893078

EDB {
packet_in(1, 2, x1909313c, xd6d6a701120c, x333300000002, 34525),
trusted(xffffffffffff)
}
IDB {
}
// [Collection time(s)] 6.894947

EDB {
packet_in(3, 2, xfa9ad5cf, x1ac949509501, xffffffffffff, 2054),
trusted(xffffffffffff)
}
IDB {
}
// [Collection time(s)] 7.738831

EDB {
packet_in(1, 2, xfa9ad5cf, x1ac949509501, xffffffffffff, 2054),
trusted(xffffffffffff)
}
IDB {
packet_out(1, xfa9ad5cf, 1)
}
// [Collection time(s)] 7.742999

EDB {
packet_in(2, 3, xfa9ad5ee, x1ac949509501, xffffffffffff, 2054),
trusted(xffffffffffff)
}
IDB {
}
// [Collection time(s)] 7.744125

EDB {
packet_in(3, 2, xfa9ad5cf, x1ac949509501, xffffffffffff, 2054),
trusted(xffffffffffff)
}
IDB {
}
// [Collection time(s)] 8.740191

EDB {
packet_in(1, 2, xfa9ad5cf, x1ac949509501, xffffffffffff, 2054),
trusted(xffffffffffff)
}
IDB {
packet_out(1, xfa9ad5cf, 1)
}
// [Collection time(s)] 8.747563

EDB {
packet_in(2, 3, xfa9ad5ee, x1ac949509501, xffffffffffff, 2054),
trusted(xffffffffffff)
}
IDB {
}
// [Collection time(s)] 8.748565

EDB {
packet_in(2, 2, x63e38b63, xcec290bb028f, xffffffffffff, 2054),
trusted(xffffffffffff)
}
IDB {
}
// [Collection time(s)] 8.752847

EDB {
packet_in(1, 1, x63e38bc0, xcec290bb028f, xffffffffffff, 2054),
trusted(xffffffffffff)
}
IDB {
packet_out(1, x63e38bc0, 2)
}
// [Collection time(s)] 8.757649

EDB {
packet_in(3, 3, x63e38b82, xcec290bb028f, xffffffffffff, 2054),
trusted(xffffffffffff)
}
IDB {
}
// [Collection time(s)] 8.759459

EDB {
packet_in(3, 2, xf4520512, x1ac949509501, xcec290bb028f, 2048),
trusted(xffffffffffff)
}
IDB {
}
// [Collection time(s)] 8.764575

EDB {
packet_in(3, 2, x24ad4d88, x1ac949509501, xcec290bb028f, 2054),
trusted(xffffffffffff)
}
IDB {
}
// [Collection time(s)] 8.780620

EDB {
packet_in(1, 2, xf4520512, x1ac949509501, xcec290bb028f, 2048),
trusted(xffffffffffff)
}
IDB {
}
// [Collection time(s)] 8.783983

EDB {
packet_in(1, 2, x24ad4d88, x1ac949509501, xcec290bb028f, 2054),
trusted(xffffffffffff)
}
IDB {
packet_out(1, x24ad4d88, 1)
}
// [Collection time(s)] 8.786298

EDB {
packet_in(2, 3, x24ad4da7, x1ac949509501, xcec290bb028f, 2054),
trusted(xffffffffffff)
}
IDB {
}
// [Collection time(s)] 8.787302

EDB {
packet_in(2, 2, x63e38b63, xcec290bb028f, xffffffffffff, 2054),
trusted(xffffffffffff)
}
IDB {
}
// [Collection time(s)] 9.749444

EDB {
packet_in(1, 1, x63e38bc0, xcec290bb028f, xffffffffffff, 2054),
trusted(xffffffffffff)
}
IDB {
packet_out(1, x63e38bc0, 2)
}
// [Collection time(s)] 9.757803

EDB {
packet_in(3, 3, x63e38b82, xcec290bb028f, xffffffffffff, 2054),
trusted(xffffffffffff)
}
IDB {
}
// [Collection time(s)] 9.759446

EDB {
packet_in(1, 2, x24ad4d88, x1ac949509501, xcec290bb028f, 2054),
trusted(xffffffffffff)
}
IDB {
packet_out(1, x24ad4d88, 1)
}
// [Collection time(s)] 9.765656

EDB {
packet_in(2, 3, x24ad4da7, x1ac949509501, xcec290bb028f, 2054),
trusted(xffffffffffff)
}
IDB {
}
// [Collection time(s)] 9.766664

EDB {
packet_in(1, 2, x94656c43, x9276ce1b6f46, x0180c200000e, 35020),
trusted(xffffffffffff)
}
IDB {
}
// [Collection time(s)] 9.953794

EDB {
packet_in(1, 1, xfed0645d, x823532d04fc9, x0180c200000e, 35020),
trusted(xffffffffffff)
}
IDB {
}
// [Collection time(s)] 9.960964

EDB {
packet_in(2, 3, xe9cb687c, xa2ce9bdf7b1b, x0180c200000e, 35020),
trusted(xffffffffffff)
}
IDB {
}
// [Collection time(s)] 9.963308

EDB {
packet_in(3, 3, x152dd8b2, x1e970e411cc9, x0180c200000e, 35020),
trusted(xffffffffffff)
}
IDB {
}
// [Collection time(s)] 9.965262

EDB {
packet_in(2, 2, x63e38b63, xcec290bb028f, xffffffffffff, 2054),
trusted(xffffffffffff)
}
IDB {
}
// [Collection time(s)] 10.749969

EDB {
packet_in(1, 1, x63e38bc0, xcec290bb028f, xffffffffffff, 2054),
trusted(xffffffffffff)
}
IDB {
packet_out(1, x63e38bc0, 2)
}
// [Collection time(s)] 10.761785

EDB {
packet_in(3, 3, x63e38b82, xcec290bb028f, xffffffffffff, 2054),
trusted(xffffffffffff)
}
IDB {
}
// [Collection time(s)] 10.762754

EDB {
packet_in(1, 2, x24ad4d88, x1ac949509501, xcec290bb028f, 2054),
trusted(xffffffffffff)
}
IDB {
packet_out(1, x24ad4d88, 1)
}
// [Collection time(s)] 10.766523

EDB {
packet_in(2, 3, x24ad4da7, x1ac949509501, xcec290bb028f, 2054),
trusted(xffffffffffff)
}
IDB {
}
// [Collection time(s)] 10.770367

EDB {
packet_in(1, 2, x947fe8f6, x9276ce1b6f46, xffffffffffff, 2048),
trusted(xffffffffffff)
}
IDB {
}
// [Collection time(s)] 11.590825

EDB {
packet_in(2, 2, x63e38b63, xcec290bb028f, xffffffffffff, 2054),
trusted(xffffffffffff)
}
IDB {
}
// [Collection time(s)] 11.761416

EDB {
packet_in(1, 1, x63e38bc0, xcec290bb028f, xffffffffffff, 2054),
trusted(xffffffffffff)
}
IDB {
packet_out(1, x63e38bc0, 2)
}
// [Collection time(s)] 11.769213

EDB {
packet_in(3, 3, x63e38b82, xcec290bb028f, xffffffffffff, 2054),
trusted(xffffffffffff)
}
IDB {
}
// [Collection time(s)] 11.770256

EDB {
packet_in(1, 2, x24ad4d88, x1ac949509501, xcec290bb028f, 2054),
trusted(xffffffffffff)
}
IDB {
packet_out(1, x24ad4d88, 1)
}
// [Collection time(s)] 11.775961

EDB {
packet_in(2, 3, x24ad4da7, x1ac949509501, xcec290bb028f, 2054),
trusted(xffffffffffff)
}
IDB {
}
// [Collection time(s)] 11.776910

EDB {
packet_in(2, 2, x63e38b63, xcec290bb028f, xffffffffffff, 2054),
trusted(xffffffffffff)
}
IDB {
}
// [Collection time(s)] 12.757628

EDB {
packet_in(1, 1, x63e38bc0, xcec290bb028f, xffffffffffff, 2054),
trusted(xffffffffffff)
}
IDB {
packet_out(1, x63e38bc0, 2)
}
// [Collection time(s)] 12.762207

EDB {
packet_in(3, 3, x63e38b82, xcec290bb028f, xffffffffffff, 2054),
trusted(xffffffffffff)
}
IDB {
}
// [Collection time(s)] 12.764155

EDB {
packet_in(1, 2, x24ad4d88, x1ac949509501, xcec290bb028f, 2054),
trusted(xffffffffffff)
}
IDB {
packet_out(1, x24ad4d88, 1)
}
// [Collection time(s)] 12.767301

EDB {
packet_in(2, 3, x24ad4da7, x1ac949509501, xcec290bb028f, 2054),
trusted(xffffffffffff)
}
IDB {
}
// [Collection time(s)] 12.768240

EDB {
packet_in(3, 1, x4263e40f, xd6d6a701120c, xffffffffffff, 2054),
trusted(xffffffffffff)
}
IDB {
}
// [Collection time(s)] 12.774869

EDB {
packet_in(1, 2, x4263e3b2, xd6d6a701120c, xffffffffffff, 2054),
trusted(xffffffffffff)
}
IDB {
packet_out(1, x4263e3b2, 1)
}
// [Collection time(s)] 12.784283

EDB {
packet_in(2, 3, x4263e3d1, xd6d6a701120c, xffffffffffff, 2054),
trusted(xffffffffffff)
}
IDB {
}
// [Collection time(s)] 12.785238

EDB {
packet_in(2, 3, xd47e9ffd, xa2ce9bdf7b1b, x3333000000fb, 34525),
trusted(xffffffffffff)
}
IDB {
}
// [Collection time(s)] 12.942066

EDB {
packet_in(1, 1, x9a9ed4c0, x823532d04fc9, x3333000000fb, 34525),
trusted(xffffffffffff)
}
IDB {
}
// [Collection time(s)] 13.106817

EDB {
packet_in(3, 3, xd63a34d9, x823532d04fc9, xffffffffffff, 2048),
trusted(xffffffffffff)
}
IDB {
}
// [Collection time(s)] 13.122419

EDB {
packet_in(2, 2, x63e38b63, xcec290bb028f, xffffffffffff, 2054),
trusted(xffffffffffff)
}
IDB {
}
// [Collection time(s)] 13.757646

EDB {
packet_in(1, 1, x63e38bc0, xcec290bb028f, xffffffffffff, 2054),
trusted(xffffffffffff)
}
IDB {
packet_out(1, x63e38bc0, 2)
}
// [Collection time(s)] 13.768493

EDB {
packet_in(3, 3, x63e38b82, xcec290bb028f, xffffffffffff, 2054),
trusted(xffffffffffff)
}
IDB {
}
// [Collection time(s)] 13.770023

EDB {
packet_in(3, 1, x4263e40f, xd6d6a701120c, xffffffffffff, 2054),
trusted(xffffffffffff)
}
IDB {
}
// [Collection time(s)] 13.772802

EDB {
packet_in(3, 1, x77c82a21, xd6d6a701120c, xcec290bb028f, 2048),
trusted(xffffffffffff)
}
IDB {
}
// [Collection time(s)] 13.776027

EDB {
packet_in(1, 2, x24ad4d88, x1ac949509501, xcec290bb028f, 2054),
trusted(xffffffffffff)
}
IDB {
packet_out(1, x24ad4d88, 1)
}
// [Collection time(s)] 13.783682

EDB {
packet_in(1, 2, x4263e3b2, xd6d6a701120c, xffffffffffff, 2054),
trusted(xffffffffffff)
}
IDB {
packet_out(1, x4263e3b2, 1)
}
// [Collection time(s)] 13.790066

EDB {
packet_in(1, 2, x77c829c4, xd6d6a701120c, xcec290bb028f, 2048),
trusted(xffffffffffff)
}
IDB {
}
// [Collection time(s)] 13.790950

EDB {
packet_in(2, 3, x24ad4da7, x1ac949509501, xcec290bb028f, 2054),
trusted(xffffffffffff)
}
IDB {
}
// [Collection time(s)] 13.791971

EDB {
packet_in(2, 3, x4263e3d1, xd6d6a701120c, xffffffffffff, 2054),
trusted(xffffffffffff)
}
IDB {
}
// [Collection time(s)] 13.794557

EDB {
packet_in(3, 1, xd09148c2, xd6d6a701120c, xcec290bb028f, 2048),
trusted(xffffffffffff)
}
IDB {
}
// [Collection time(s)] 13.796070

EDB {
packet_in(1, 2, xd0914865, xd6d6a701120c, xcec290bb028f, 2048),
trusted(xffffffffffff)
}
IDB {
}
// [Collection time(s)] 13.802587

EDB {
packet_in(3, 3, xde2aff74, x1e970e411cc9, x3333000000fb, 34525),
trusted(xffffffffffff)
}
IDB {
}
// [Collection time(s)] 13.884760

EDB {
packet_in(1, 2, xc0334007, x9276ce1b6f46, x3333000000fb, 34525),
trusted(xffffffffffff)
}
IDB {
}
// [Collection time(s)] 13.904967

EDB {
packet_in(3, 1, x9efa3960, xd6d6a701120c, xcec290bb028f, 2048),
trusted(xffffffffffff)
}
IDB {
}
// [Collection time(s)] 14.785553

EDB {
packet_in(1, 2, x9efa3903, xd6d6a701120c, xcec290bb028f, 2048),
trusted(xffffffffffff)
}
IDB {
}
// [Collection time(s)] 14.792871

EDB {
packet_in(3, 1, x376c6e20, xd6d6a701120c, xcec290bb028f, 2048),
trusted(xffffffffffff)
}
IDB {
}
// [Collection time(s)] 15.788448

EDB {
packet_in(1, 2, x376c6dc3, xd6d6a701120c, xcec290bb028f, 2048),
trusted(xffffffffffff)
}
IDB {
}
// [Collection time(s)] 15.794119

